2026-02-17 12:40:16,231 | INFO | Loading JSONL file in chunks from /Users/ornellairrera/PycharmProjects/RecProbe/src/data/input/amazon_All_Beauty/All_Beauty.jsonl
2026-02-17 12:40:22,400 | INFO | Finished loading JSONL file from /Users/ornellairrera/PycharmProjects/RecProbe/src/data/input/amazon_All_Beauty/All_Beauty.jsonl
2026-02-17 12:40:24,064 | INFO | Extracting 3-core from the dataset
2026-02-17 12:40:24,972 | INFO | Finished extracting 3-core. Remaining records: 9079
2026-02-17 12:40:25,103 | INFO | Computing stats on clean data...
2026-02-17 12:40:25,103 | INFO | Loaded df with 9079 records
2026-02-17 12:40:25,106 | INFO | Unique users: 1266, Unique items: 1473


2026-02-17 12:40:25,110 | INFO | Total interactions: 9079


2026-02-17 12:40:25,111 | INFO | Rating stats:
count    9079.000000
mean        4.325697
std         0.949479
min         1.000000
25%         4.000000
50%         5.000000
75%         5.000000
max         5.000000
Name: rating, dtype: float64


2026-02-17 12:40:25,112 | INFO | Rating value counts:
rating
1     186
2     324
3    1007
4    2392
5    5170
Name: count, dtype: int64


2026-02-17 12:40:25,112 | INFO | Average items per user:
7.17


2026-02-17 12:40:25,112 | INFO | Average users per item:
6.16


2026-02-17 12:40:25,112 | INFO | Max items per user:
126.00


2026-02-17 12:40:25,112 | INFO | Max users per item:
45.00


2026-02-17 12:40:25,112 | INFO | Sparsity of the dataset: 
0.995131


2026-02-17 12:40:25,112 | INFO | Saving clean training DataFrame to CSV at /Users/ornellairrera/PycharmProjects/RecProbe/src/data/output/amazon_All_Beauty/train.csv
2026-02-17 12:40:25,112 | INFO | Saving clean test DataFrame to CSV at /Users/ornellairrera/PycharmProjects/RecProbe/src/data/output/amazon_All_Beauty/test.csv
2026-02-17 12:40:25,112 | INFO | Saving clean validation DataFrame to CSV at /Users/ornellairrera/PycharmProjects/RecProbe/src/data/output/amazon_All_Beauty/validation.csv
2026-02-17 12:40:25,116 | INFO | Train set with 7263 rows
2026-02-17 12:40:25,116 | INFO | Loaded df with 7263 records
2026-02-17 12:40:25,117 | INFO | Unique users: 1260, Unique items: 1470


2026-02-17 12:40:25,117 | INFO | Total interactions: 7263


2026-02-17 12:40:25,117 | INFO | Total noisy interactions: 0


2026-02-17 12:40:25,117 | INFO | Test set with 907 rows
2026-02-17 12:40:25,117 | INFO | Loaded df with 907 records
2026-02-17 12:40:25,117 | INFO | Unique users: 555, Unique items: 681


2026-02-17 12:40:25,117 | INFO | Total interactions: 907


2026-02-17 12:40:25,118 | INFO | Total noisy interactions: 0


2026-02-17 12:40:25,118 | INFO | Validation set with 907 rows
2026-02-17 12:40:25,118 | INFO | Loaded df with 907 records
2026-02-17 12:40:25,118 | INFO | Unique users: 551, Unique items: 675


2026-02-17 12:40:25,118 | INFO | Total interactions: 907


2026-02-17 12:40:25,118 | INFO | Total noisy interactions: 0


2026-02-17 12:40:25,118 | INFO | Computing stats on clean split data...
2026-02-17 12:40:37,727 | INFO | Paraphrasing...
2026-02-17 12:41:06,539 | INFO | Paraphrasing...
2026-02-17 12:41:10,432 | INFO | Paraphrasing...
2026-02-17 12:41:15,697 | INFO | Paraphrasing...
2026-02-17 12:41:20,847 | INFO | Paraphrasing...
2026-02-17 12:41:28,505 | INFO | Paraphrasing...
2026-02-17 12:41:30,548 | INFO | Saving noisy DataFrame to CSV at /Users/ornellairrera/PycharmProjects/RecProbe/src/data/output/amazon_All_Beauty/train_noisy_review_random_inconsistencies.csv
2026-02-17 12:41:30,574 | INFO | Loaded df with 7273 records
2026-02-17 12:41:30,575 | INFO | Unique users: 1260, Unique items: 1470


2026-02-17 12:41:30,575 | INFO | Total interactions: 7273


2026-02-17 12:41:30,575 | INFO | Total noisy interactions: 10


2026-02-17 12:41:30,575 | INFO | Loaded df with 907 records
2026-02-17 12:41:30,576 | INFO | Unique users: 551, Unique items: 675


2026-02-17 12:41:30,576 | INFO | Total interactions: 907


2026-02-17 12:41:30,576 | INFO | Total noisy interactions: 0


2026-02-17 12:41:30,576 | INFO | Loaded df with 907 records
2026-02-17 12:41:30,576 | INFO | Unique users: 555, Unique items: 681


2026-02-17 12:41:30,576 | INFO | Total interactions: 907


2026-02-17 12:41:30,576 | INFO | Total noisy interactions: 0


2026-02-17 12:41:30,725 | INFO | noisy df saved.
