2026-02-12 10:06:03,684 | INFO | Loaded df with 17298 records
2026-02-12 10:06:03,686 | INFO | Unique users: 1260, Unique items: 1470
2026-02-12 10:06:03,693 | INFO | Rating stats:
count    17298.000000
mean         4.200659
std          1.065592
min          0.000000
25%          4.000000
50%          5.000000
75%          5.000000
max          5.000000
Name: rating, dtype: float64
2026-02-12 10:06:03,693 | INFO | Rating value counts:
rating
0     235
1     340
2     660
3    2063
4    5186
5    8814
Name: count, dtype: int64
2026-02-12 10:06:03,693 | INFO | Average items per user:
13.73
2026-02-12 10:06:03,694 | INFO | Average users per item:
11.77
2026-02-12 10:06:03,694 | INFO | Max items per user:
102.00
2026-02-12 10:06:03,694 | INFO | Max users per item:
43.00
2026-02-12 10:06:03,694 | INFO | Sparsity of the dataset: 
0.990661
2026-02-12 10:06:03,698 | INFO | Saving noisy DataFrame to CSV at /Users/ornellairrera/PycharmProjects/RecProbe/src/data/output/amazon_All_Beauty/train_noisy_rating_user_burst_noise.csv
2026-02-12 10:06:03,826 | INFO | noisy df saved.
