2026-02-18 18:22:05,329 | INFO | Loading JSONL file in chunks from /Users/ornellairrera/PycharmProjects/RecProbe/src/data/input/amazon_All_Beauty/All_Beauty.jsonl
2026-02-18 18:22:11,979 | INFO | Finished loading JSONL file from /Users/ornellairrera/PycharmProjects/RecProbe/src/data/input/amazon_All_Beauty/All_Beauty.jsonl
2026-02-18 18:22:13,741 | INFO | Extracting 3-core from the dataset
2026-02-18 18:22:14,629 | INFO | Finished extracting 3-core. Remaining records: 9079
2026-02-18 18:22:14,760 | INFO | Computing stats on clean data...
2026-02-18 18:22:14,760 | INFO | Loaded df with 9079 records
2026-02-18 18:22:14,762 | INFO | Unique users: 1266, Unique items: 1473


2026-02-18 18:22:14,766 | INFO | Total interactions: 9079


2026-02-18 18:22:14,767 | INFO | Rating stats:
count    9079.000000
mean        4.325697
std         0.949479
min         1.000000
25%         4.000000
50%         5.000000
75%         5.000000
max         5.000000
Name: rating, dtype: float64


2026-02-18 18:22:14,768 | INFO | Rating value counts:
rating
1     186
2     324
3    1007
4    2392
5    5170
Name: count, dtype: int64


2026-02-18 18:22:14,768 | INFO | Average items per user:
7.17


2026-02-18 18:22:14,768 | INFO | Average users per item:
6.16


2026-02-18 18:22:14,768 | INFO | Max items per user:
126.00


2026-02-18 18:22:14,768 | INFO | Max users per item:
45.00


2026-02-18 18:22:14,768 | INFO | Sparsity of the dataset: 
0.995131


2026-02-18 18:22:14,768 | INFO | Saving clean training DataFrame to CSV at /Users/ornellairrera/PycharmProjects/RecProbe/src/data/output/amazon_All_Beauty/train.csv
2026-02-18 18:22:14,768 | INFO | Saving clean test DataFrame to CSV at /Users/ornellairrera/PycharmProjects/RecProbe/src/data/output/amazon_All_Beauty/test.csv
2026-02-18 18:22:14,768 | INFO | Saving clean validation DataFrame to CSV at /Users/ornellairrera/PycharmProjects/RecProbe/src/data/output/amazon_All_Beauty/validation.csv
2026-02-18 18:22:14,772 | INFO | Train set with 7263 rows
2026-02-18 18:22:14,772 | INFO | Loaded df with 7263 records
2026-02-18 18:22:14,773 | INFO | Unique users: 1260, Unique items: 1470


2026-02-18 18:22:14,773 | INFO | Total interactions: 7263


2026-02-18 18:22:14,773 | INFO | Total noisy interactions: 0


2026-02-18 18:22:14,773 | INFO | Test set with 907 rows
2026-02-18 18:22:14,773 | INFO | Loaded df with 907 records
2026-02-18 18:22:14,774 | INFO | Unique users: 555, Unique items: 681


2026-02-18 18:22:14,774 | INFO | Total interactions: 907


2026-02-18 18:22:14,774 | INFO | Total noisy interactions: 0


2026-02-18 18:22:14,774 | INFO | Validation set with 907 rows
2026-02-18 18:22:14,774 | INFO | Loaded df with 907 records
2026-02-18 18:22:14,774 | INFO | Unique users: 551, Unique items: 675


2026-02-18 18:22:14,774 | INFO | Total interactions: 907


2026-02-18 18:22:14,774 | INFO | Total noisy interactions: 0


2026-02-18 18:22:14,774 | INFO | Computing stats on clean split data...
2026-02-18 18:22:14,844 | INFO | Saving noisy DataFrame to CSV at /Users/ornellairrera/PycharmProjects/RecProbe/src/data/output/amazon_All_Beauty/train_noisy_rating_rating_burst.csv
2026-02-18 18:22:14,914 | INFO | Loaded df with 8063 records
2026-02-18 18:22:14,917 | INFO | Unique users: 1265, Unique items: 1472


2026-02-18 18:22:14,917 | INFO | Total interactions: 8063


2026-02-18 18:22:14,918 | INFO | Total noisy interactions: 799


2026-02-18 18:22:14,918 | INFO | Loaded df with 1007 records
2026-02-18 18:22:14,918 | INFO | Unique users: 603, Unique items: 654


2026-02-18 18:22:14,918 | INFO | Total interactions: 1007


2026-02-18 18:22:14,918 | INFO | Total noisy interactions: 106


2026-02-18 18:22:14,919 | INFO | Loaded df with 1007 records
2026-02-18 18:22:14,919 | INFO | Unique users: 604, Unique items: 684


2026-02-18 18:22:14,919 | INFO | Total interactions: 1007


2026-02-18 18:22:14,919 | INFO | Total noisy interactions: 95


2026-02-18 18:22:14,919 | INFO | noisy df saved.
2026-02-18 18:22:14,919 | INFO | Checking file existence...
2026-02-18 18:22:14,923 | INFO | Baselines on clean data
