2026-02-17 16:42:45,568 | INFO | Loading JSONL file in chunks from /Users/ornellairrera/PycharmProjects/RecProbe/src/data/input/amazon_All_Beauty/All_Beauty.jsonl
2026-02-17 16:42:52,301 | INFO | Finished loading JSONL file from /Users/ornellairrera/PycharmProjects/RecProbe/src/data/input/amazon_All_Beauty/All_Beauty.jsonl
2026-02-17 16:42:53,933 | INFO | Extracting 3-core from the dataset
2026-02-17 16:42:54,713 | INFO | Finished extracting 3-core. Remaining records: 9079
2026-02-17 16:42:54,839 | INFO | Computing stats on clean data...
2026-02-17 16:42:54,839 | INFO | Loaded df with 9079 records
2026-02-17 16:42:54,841 | INFO | Unique users: 1266, Unique items: 1473


2026-02-17 16:42:54,846 | INFO | Total interactions: 9079


2026-02-17 16:42:54,850 | INFO | Rating stats:
count    9079.000000
mean        4.325697
std         0.949479
min         1.000000
25%         4.000000
50%         5.000000
75%         5.000000
max         5.000000
Name: rating, dtype: float64


2026-02-17 16:42:54,851 | INFO | Rating value counts:
rating
1     186
2     324
3    1007
4    2392
5    5170
Name: count, dtype: int64


2026-02-17 16:42:54,851 | INFO | Average items per user:
7.17


2026-02-17 16:42:54,851 | INFO | Average users per item:
6.16


2026-02-17 16:42:54,851 | INFO | Max items per user:
126.00


2026-02-17 16:42:54,851 | INFO | Max users per item:
45.00


2026-02-17 16:42:54,851 | INFO | Sparsity of the dataset: 
0.995131


2026-02-17 16:42:54,851 | INFO | Saving clean training DataFrame to CSV at /Users/ornellairrera/PycharmProjects/RecProbe/src/data/output/amazon_All_Beauty/train.csv
2026-02-17 16:42:54,851 | INFO | Saving clean test DataFrame to CSV at /Users/ornellairrera/PycharmProjects/RecProbe/src/data/output/amazon_All_Beauty/test.csv
2026-02-17 16:42:54,851 | INFO | Saving clean validation DataFrame to CSV at /Users/ornellairrera/PycharmProjects/RecProbe/src/data/output/amazon_All_Beauty/validation.csv
2026-02-17 16:42:54,856 | INFO | Train set with 7263 rows
2026-02-17 16:42:54,856 | INFO | Loaded df with 7263 records
2026-02-17 16:42:54,857 | INFO | Unique users: 1260, Unique items: 1470


2026-02-17 16:42:54,858 | INFO | Total interactions: 7263


2026-02-17 16:42:54,858 | INFO | Total noisy interactions: 0


2026-02-17 16:42:54,858 | INFO | Test set with 907 rows
2026-02-17 16:42:54,858 | INFO | Loaded df with 907 records
2026-02-17 16:42:54,858 | INFO | Unique users: 555, Unique items: 681


2026-02-17 16:42:54,858 | INFO | Total interactions: 907


2026-02-17 16:42:54,858 | INFO | Total noisy interactions: 0


2026-02-17 16:42:54,858 | INFO | Validation set with 907 rows
2026-02-17 16:42:54,858 | INFO | Loaded df with 907 records
2026-02-17 16:42:54,859 | INFO | Unique users: 551, Unique items: 675


2026-02-17 16:42:54,859 | INFO | Total interactions: 907


2026-02-17 16:42:54,859 | INFO | Total noisy interactions: 0


2026-02-17 16:42:54,859 | INFO | Computing stats on clean split data...
