2026-02-17 08:43:43,005 | INFO | Loading JSONL file in chunks from /Users/ornellairrera/PycharmProjects/RecProbe/src/data/input/amazon_All_Beauty/All_Beauty.jsonl
2026-02-17 08:43:52,234 | INFO | Finished loading JSONL file from /Users/ornellairrera/PycharmProjects/RecProbe/src/data/input/amazon_All_Beauty/All_Beauty.jsonl
2026-02-17 08:43:54,450 | INFO | Extracting 3-core from the dataset
2026-02-17 08:43:55,543 | INFO | Finished extracting 3-core. Remaining records: 9079
2026-02-17 08:43:55,701 | INFO | Computing stats on clean data...
2026-02-17 08:43:55,701 | INFO | Loaded df with 9079 records
2026-02-17 08:43:55,704 | INFO | Unique users: 1266, Unique items: 1473


2026-02-17 08:43:55,713 | INFO | Total interactions: 9079


2026-02-17 08:43:55,716 | INFO | Rating stats:
count    9079.000000
mean        4.325697
std         0.949479
min         1.000000
25%         4.000000
50%         5.000000
75%         5.000000
max         5.000000
Name: rating, dtype: float64


2026-02-17 08:43:55,717 | INFO | Rating value counts:
rating
1     186
2     324
3    1007
4    2392
5    5170
Name: count, dtype: int64


2026-02-17 08:43:55,717 | INFO | Average items per user:
7.17


2026-02-17 08:43:55,717 | INFO | Average users per item:
6.16


2026-02-17 08:43:55,717 | INFO | Max items per user:
126.00


2026-02-17 08:43:55,717 | INFO | Max users per item:
45.00


2026-02-17 08:43:55,717 | INFO | Sparsity of the dataset: 
0.995131


2026-02-17 08:43:55,717 | INFO | Saving clean training DataFrame to CSV at /Users/ornellairrera/PycharmProjects/RecProbe/src/data/output/amazon_All_Beauty/train.csv
2026-02-17 08:43:55,717 | INFO | Saving clean test DataFrame to CSV at /Users/ornellairrera/PycharmProjects/RecProbe/src/data/output/amazon_All_Beauty/test.csv
2026-02-17 08:43:55,717 | INFO | Saving clean validation DataFrame to CSV at /Users/ornellairrera/PycharmProjects/RecProbe/src/data/output/amazon_All_Beauty/validation.csv
2026-02-17 08:43:56,405 | INFO | Train set with 6547 rows
2026-02-17 08:43:56,406 | INFO | Loaded df with 6547 records
2026-02-17 08:43:56,407 | INFO | Unique users: 1266, Unique items: 1422


2026-02-17 08:43:56,407 | INFO | Total interactions: 6547


2026-02-17 08:43:56,407 | INFO | Total noisy interactions: 0


2026-02-17 08:43:56,407 | INFO | Test set with 1266 rows
2026-02-17 08:43:56,407 | INFO | Loaded df with 1266 records
2026-02-17 08:43:56,408 | INFO | Unique users: 1266, Unique items: 719


2026-02-17 08:43:56,408 | INFO | Total interactions: 1266


2026-02-17 08:43:56,408 | INFO | Total noisy interactions: 0


2026-02-17 08:43:56,408 | INFO | Validation set with 1266 rows
2026-02-17 08:43:56,408 | INFO | Loaded df with 1266 records
2026-02-17 08:43:56,409 | INFO | Unique users: 1266, Unique items: 781


2026-02-17 08:43:56,409 | INFO | Total interactions: 1266


2026-02-17 08:43:56,409 | INFO | Total noisy interactions: 0


2026-02-17 08:43:56,409 | INFO | Computing stats on clean split data...
2026-02-17 08:43:56,436 | INFO | Saving noisy DataFrame to CSV at /Users/ornellairrera/PycharmProjects/RecProbe/src/data/output/amazon_All_Beauty/train_noisy_rating_timestamp_corruption.csv
2026-02-17 08:43:57,048 | INFO | Loaded df with 6547 records
2026-02-17 08:43:57,050 | INFO | Unique users: 1266, Unique items: 1424


2026-02-17 08:43:57,050 | INFO | Total interactions: 6547


2026-02-17 08:43:57,050 | INFO | Total noisy interactions: 926


2026-02-17 08:43:57,050 | INFO | Loaded df with 1266 records
2026-02-17 08:43:57,051 | INFO | Unique users: 1266, Unique items: 782


2026-02-17 08:43:57,051 | INFO | Total interactions: 1266


2026-02-17 08:43:57,051 | INFO | Total noisy interactions: 31


2026-02-17 08:43:57,051 | INFO | Loaded df with 1266 records
2026-02-17 08:43:57,052 | INFO | Unique users: 1266, Unique items: 722


2026-02-17 08:43:57,052 | INFO | Total interactions: 1266


2026-02-17 08:43:57,052 | INFO | Total noisy interactions: 43


2026-02-17 08:43:57,052 | INFO | noisy df saved.
