2026-02-19 18:37:56,489 | INFO | Loading streamlit config...
2026-02-19 18:37:56,497 | INFO | Loading JSONL file in chunks from /code/src/data/input/amazon_All_Beauty/All_Beauty.jsonl
2026-02-19 18:38:03,171 | INFO | Finished loading JSONL file from /code/src/data/input/amazon_All_Beauty/All_Beauty.jsonl
2026-02-19 18:38:05,018 | INFO | Extracting 3-core from the dataset
2026-02-19 18:38:06,117 | INFO | Finished extracting 3-core. Remaining records: 9079
2026-02-19 18:38:06,243 | INFO | Computing stats on clean data...
2026-02-19 18:38:06,244 | INFO | Loaded df with 9079 records
2026-02-19 18:38:06,246 | INFO | Unique users: 1266, Unique items: 1473


2026-02-19 18:38:06,251 | INFO | Total interactions: 9079


2026-02-19 18:38:06,253 | INFO | Rating stats:
count    9079.000000
mean        4.325697
std         0.949479
min         1.000000
25%         4.000000
50%         5.000000
75%         5.000000
max         5.000000
Name: rating, dtype: float64


2026-02-19 18:38:06,254 | INFO | Rating value counts:
rating
1     186
2     324
3    1007
4    2392
5    5170
Name: count, dtype: int64


2026-02-19 18:38:06,254 | INFO | Average items per user:
7.17


2026-02-19 18:38:06,254 | INFO | Average users per item:
6.16


2026-02-19 18:38:06,254 | INFO | Max items per user:
126.00


2026-02-19 18:38:06,254 | INFO | Max users per item:
45.00


2026-02-19 18:38:06,255 | INFO | Sparsity of the dataset: 
0.995131


2026-02-19 18:38:06,255 | INFO | Saving clean training DataFrame to CSV at /code/src/data/output/amazon_All_Beauty/train.csv
2026-02-19 18:38:06,255 | INFO | Saving clean test DataFrame to CSV at /code/src/data/output/amazon_All_Beauty/test.csv
2026-02-19 18:38:06,255 | INFO | Saving clean validation DataFrame to CSV at /code/src/data/output/amazon_All_Beauty/validation.csv
2026-02-19 18:38:06,261 | INFO | Train set with 7263 rows
2026-02-19 18:38:06,261 | INFO | Loaded df with 7263 records
2026-02-19 18:38:06,263 | INFO | Unique users: 1260, Unique items: 1470


2026-02-19 18:38:06,263 | INFO | Total interactions: 7263


2026-02-19 18:38:06,263 | INFO | Total noisy interactions: 0


2026-02-19 18:38:06,263 | INFO | Test set with 907 rows
2026-02-19 18:38:06,263 | INFO | Loaded df with 907 records
2026-02-19 18:38:06,264 | INFO | Unique users: 555, Unique items: 681


2026-02-19 18:38:06,264 | INFO | Total interactions: 907


2026-02-19 18:38:06,264 | INFO | Total noisy interactions: 0


2026-02-19 18:38:06,265 | INFO | Validation set with 907 rows
2026-02-19 18:38:06,265 | INFO | Loaded df with 907 records
2026-02-19 18:38:06,265 | INFO | Unique users: 551, Unique items: 675


2026-02-19 18:38:06,265 | INFO | Total interactions: 907


2026-02-19 18:38:06,266 | INFO | Total noisy interactions: 0


2026-02-19 18:38:06,266 | INFO | Computing stats on clean split data...
2026-02-19 18:38:06,492 | INFO | Saving noisy DataFrame to CSV at /code/src/data/output/amazon_All_Beauty/train_noisy_rating_rating_burst.csv
2026-02-19 18:38:06,522 | INFO | Loaded df with 8263 records
2026-02-19 18:38:06,524 | INFO | Unique users: 1260, Unique items: 1470


2026-02-19 18:38:06,524 | INFO | Total interactions: 8263


2026-02-19 18:38:06,525 | INFO | Total noisy interactions: 1000


2026-02-19 18:38:06,525 | INFO | Loaded df with 907 records
2026-02-19 18:38:06,525 | INFO | Unique users: 551, Unique items: 675


2026-02-19 18:38:06,525 | INFO | Total interactions: 907


2026-02-19 18:38:06,526 | INFO | Total noisy interactions: 0


2026-02-19 18:38:06,526 | INFO | Loaded df with 907 records
2026-02-19 18:38:06,526 | INFO | Unique users: 555, Unique items: 681


2026-02-19 18:38:06,526 | INFO | Total interactions: 907


2026-02-19 18:38:06,526 | INFO | Total noisy interactions: 0


2026-02-19 18:38:06,556 | INFO | noisy df saved.
