2026-02-13 11:02:55,783 | INFO | Loading JSONL file in chunks from /Users/ornellairrera/PycharmProjects/RecProbe/src/data/input/amazon_All_Beauty/All_Beauty.jsonl
2026-02-13 11:03:01,989 | INFO | Finished loading JSONL file from /Users/ornellairrera/PycharmProjects/RecProbe/src/data/input/amazon_All_Beauty/All_Beauty.jsonl
2026-02-13 11:03:03,639 | INFO | Extracting 3-core from the dataset
2026-02-13 11:03:04,503 | INFO | Finished extracting 3-core. Remaining records: 9079
2026-02-13 11:03:04,629 | INFO | Computing stats on clean data...
2026-02-13 11:03:04,630 | INFO | Loaded df with 9079 records
2026-02-13 11:03:04,631 | INFO | Unique users: 1266, Unique items: 1473


2026-02-13 11:03:04,635 | INFO | Total interactions: 9079


2026-02-13 11:03:04,637 | INFO | Rating stats:
count    9079.000000
mean        4.325697
std         0.949479
min         1.000000
25%         4.000000
50%         5.000000
75%         5.000000
max         5.000000
Name: rating, dtype: float64


2026-02-13 11:03:04,637 | INFO | Rating value counts:
rating
1     186
2     324
3    1007
4    2392
5    5170
Name: count, dtype: int64


2026-02-13 11:03:04,637 | INFO | Average items per user:
7.17


2026-02-13 11:03:04,637 | INFO | Average users per item:
6.16


2026-02-13 11:03:04,637 | INFO | Max items per user:
126.00


2026-02-13 11:03:04,637 | INFO | Max users per item:
45.00


2026-02-13 11:03:04,637 | INFO | Sparsity of the dataset: 
0.995131


2026-02-13 11:03:04,637 | INFO | Saving clean training DataFrame to CSV at /Users/ornellairrera/PycharmProjects/RecProbe/src/data/output/amazon_All_Beauty/train.csv
2026-02-13 11:03:04,637 | INFO | Saving clean test DataFrame to CSV at /Users/ornellairrera/PycharmProjects/RecProbe/src/data/output/amazon_All_Beauty/test.csv
2026-02-13 11:03:04,637 | INFO | Saving clean validation DataFrame to CSV at /Users/ornellairrera/PycharmProjects/RecProbe/src/data/output/amazon_All_Beauty/validation.csv
2026-02-13 11:03:04,782 | INFO | Train set with 7263 rows
2026-02-13 11:03:04,783 | INFO | Loaded df with 7263 records
2026-02-13 11:03:04,784 | INFO | Unique users: 1260, Unique items: 1470


2026-02-13 11:03:04,785 | INFO | Total interactions: 7263


2026-02-13 11:03:04,785 | INFO | Total noisy interactions: 0


2026-02-13 11:03:04,785 | INFO | Test set with 7264 rows
2026-02-13 11:03:04,785 | INFO | Loaded df with 7264 records
2026-02-13 11:03:04,786 | INFO | Unique users: 1260, Unique items: 1470


2026-02-13 11:03:04,786 | INFO | Total interactions: 7264


2026-02-13 11:03:04,786 | INFO | Total noisy interactions: 0


2026-02-13 11:03:04,786 | INFO | Validation set with 0 rows
2026-02-13 11:03:04,786 | INFO | Loaded df with 0 records
2026-02-13 11:03:04,786 | INFO | Unique users: 0, Unique items: 0


2026-02-13 11:03:04,786 | INFO | Total interactions: 0


2026-02-13 11:03:04,786 | INFO | Total noisy interactions: 0


2026-02-13 11:03:04,786 | INFO | Computing stats on clean split data...
2026-02-13 11:03:04,826 | INFO | Saving noisy DataFrame to CSV at /Users/ornellairrera/PycharmProjects/RecProbe/src/data/output/amazon_All_Beauty/train_noisy_rating_user_burst_noise.csv
2026-02-13 11:03:04,921 | INFO | Loaded df with 7465 records
2026-02-13 11:03:04,922 | INFO | Unique users: 1260, Unique items: 1470


2026-02-13 11:03:04,922 | INFO | Total interactions: 7465


2026-02-13 11:03:04,922 | INFO | Total noisy interactions: 0


2026-02-13 11:03:04,922 | INFO | Loaded df with 0 records
2026-02-13 11:03:04,922 | INFO | Unique users: 0, Unique items: 0


2026-02-13 11:03:04,922 | INFO | Total interactions: 0


2026-02-13 11:03:04,922 | INFO | Total noisy interactions: 0


2026-02-13 11:03:04,922 | INFO | Loaded df with 7264 records
2026-02-13 11:03:04,923 | INFO | Unique users: 1260, Unique items: 1470


2026-02-13 11:03:04,923 | INFO | Total interactions: 7264


2026-02-13 11:03:04,923 | INFO | Total noisy interactions: 0


2026-02-13 11:03:04,924 | INFO | noisy df saved.
