2026-02-16 14:38:38,742 | INFO | Loading JSONL file in chunks from /Users/ornellairrera/PycharmProjects/RecProbe/src/data/input/amazon_All_Beauty/All_Beauty.jsonl
2026-02-16 14:38:45,434 | INFO | Finished loading JSONL file from /Users/ornellairrera/PycharmProjects/RecProbe/src/data/input/amazon_All_Beauty/All_Beauty.jsonl
2026-02-16 14:38:47,122 | INFO | Extracting 3-core from the dataset
2026-02-16 14:38:47,968 | INFO | Finished extracting 3-core. Remaining records: 9079
2026-02-16 14:38:48,097 | INFO | Computing stats on clean data...
2026-02-16 14:38:48,097 | INFO | Loaded df with 9079 records
2026-02-16 14:38:48,099 | INFO | Unique users: 1266, Unique items: 1473


2026-02-16 14:38:48,104 | INFO | Total interactions: 9079


2026-02-16 14:38:48,108 | INFO | Rating stats:
count    9079.000000
mean        4.325697
std         0.949479
min         1.000000
25%         4.000000
50%         5.000000
75%         5.000000
max         5.000000
Name: rating, dtype: float64


2026-02-16 14:38:48,109 | INFO | Rating value counts:
rating
1     186
2     324
3    1007
4    2392
5    5170
Name: count, dtype: int64


2026-02-16 14:38:48,109 | INFO | Average items per user:
7.17


2026-02-16 14:38:48,109 | INFO | Average users per item:
6.16


2026-02-16 14:38:48,109 | INFO | Max items per user:
126.00


2026-02-16 14:38:48,109 | INFO | Max users per item:
45.00


2026-02-16 14:38:48,109 | INFO | Sparsity of the dataset: 
0.995131


2026-02-16 14:38:48,109 | INFO | Saving clean training DataFrame to CSV at /Users/ornellairrera/PycharmProjects/RecProbe/src/data/output/amazon_All_Beauty/train.csv
2026-02-16 14:38:48,109 | INFO | Saving clean test DataFrame to CSV at /Users/ornellairrera/PycharmProjects/RecProbe/src/data/output/amazon_All_Beauty/test.csv
2026-02-16 14:38:48,109 | INFO | Saving clean validation DataFrame to CSV at /Users/ornellairrera/PycharmProjects/RecProbe/src/data/output/amazon_All_Beauty/validation.csv
2026-02-16 14:39:05,538 | INFO | Train set with 7263 rows
2026-02-16 14:39:05,921 | INFO | Loaded df with 7263 records
2026-02-16 14:39:05,929 | INFO | Unique users: 1260, Unique items: 1470


2026-02-16 14:39:05,929 | INFO | Total interactions: 7263


2026-02-16 14:39:05,929 | INFO | Total noisy interactions: 0


2026-02-16 14:39:06,414 | INFO | Test set with 1815 rows
2026-02-16 14:39:06,697 | INFO | Loaded df with 1815 records
2026-02-16 14:39:06,699 | INFO | Unique users: 831, Unique items: 1027


2026-02-16 14:39:06,699 | INFO | Total interactions: 1815


2026-02-16 14:39:06,699 | INFO | Total noisy interactions: 0


2026-02-16 14:39:07,036 | INFO | Validation set with 0 rows
2026-02-16 14:39:07,436 | INFO | Loaded df with 0 records
2026-02-16 14:39:07,438 | INFO | Unique users: 0, Unique items: 0


2026-02-16 14:39:07,438 | INFO | Total interactions: 0


2026-02-16 14:39:07,438 | INFO | Total noisy interactions: 0


2026-02-16 14:39:07,761 | INFO | Computing stats on clean split data...
2026-02-16 14:40:24,745 | INFO | Saving noisy DataFrame to CSV at /Users/ornellairrera/PycharmProjects/RecProbe/src/data/output/amazon_All_Beauty/train_noisy_rating_rating_burst.csv
2026-02-16 14:40:24,887 | INFO | Loaded df with 8424 records
2026-02-16 14:40:24,889 | INFO | Unique users: 1260, Unique items: 1470


2026-02-16 14:40:24,889 | INFO | Total interactions: 8424


2026-02-16 14:40:24,890 | INFO | Total noisy interactions: 1161


2026-02-16 14:40:24,890 | INFO | Loaded df with 0 records
2026-02-16 14:40:24,890 | INFO | Unique users: 0, Unique items: 0


2026-02-16 14:40:24,890 | INFO | Total interactions: 0


2026-02-16 14:40:24,890 | INFO | Total noisy interactions: 0


2026-02-16 14:40:24,890 | INFO | Loaded df with 1815 records
2026-02-16 14:40:24,891 | INFO | Unique users: 831, Unique items: 1027


2026-02-16 14:40:24,891 | INFO | Total interactions: 1815


2026-02-16 14:40:24,891 | INFO | Total noisy interactions: 0


2026-02-16 14:40:42,358 | INFO | noisy df saved.
