2026-02-17 08:15:39,726 | INFO | Loading JSONL file in chunks from /Users/ornellairrera/PycharmProjects/RecProbe/src/data/input/amazon_All_Beauty/All_Beauty.jsonl
2026-02-17 08:15:46,611 | INFO | Finished loading JSONL file from /Users/ornellairrera/PycharmProjects/RecProbe/src/data/input/amazon_All_Beauty/All_Beauty.jsonl
2026-02-17 08:15:48,219 | INFO | Extracting 3-core from the dataset
2026-02-17 08:15:48,978 | INFO | Finished extracting 3-core. Remaining records: 9079
2026-02-17 08:15:49,111 | INFO | Computing stats on clean data...
2026-02-17 08:15:49,111 | INFO | Loaded df with 9079 records
2026-02-17 08:15:49,113 | INFO | Unique users: 1266, Unique items: 1473


2026-02-17 08:15:49,119 | INFO | Total interactions: 9079


2026-02-17 08:15:49,122 | INFO | Rating stats:
count    9079.000000
mean        4.325697
std         0.949479
min         1.000000
25%         4.000000
50%         5.000000
75%         5.000000
max         5.000000
Name: rating, dtype: float64


2026-02-17 08:15:49,123 | INFO | Rating value counts:
rating
1     186
2     324
3    1007
4    2392
5    5170
Name: count, dtype: int64


2026-02-17 08:15:49,123 | INFO | Average items per user:
7.17


2026-02-17 08:15:49,123 | INFO | Average users per item:
6.16


2026-02-17 08:15:49,123 | INFO | Max items per user:
126.00


2026-02-17 08:15:49,124 | INFO | Max users per item:
45.00


2026-02-17 08:15:49,124 | INFO | Sparsity of the dataset: 
0.995131


2026-02-17 08:15:49,124 | INFO | Saving clean training DataFrame to CSV at /Users/ornellairrera/PycharmProjects/RecProbe/src/data/output/amazon_All_Beauty/train.csv
2026-02-17 08:15:49,124 | INFO | Saving clean test DataFrame to CSV at /Users/ornellairrera/PycharmProjects/RecProbe/src/data/output/amazon_All_Beauty/test.csv
2026-02-17 08:15:49,124 | INFO | Saving clean validation DataFrame to CSV at /Users/ornellairrera/PycharmProjects/RecProbe/src/data/output/amazon_All_Beauty/validation.csv
2026-02-17 08:15:49,887 | INFO | Train set with 6547 rows
2026-02-17 08:15:49,888 | INFO | Loaded df with 6547 records
2026-02-17 08:15:49,889 | INFO | Unique users: 1266, Unique items: 1422


2026-02-17 08:15:49,889 | INFO | Total interactions: 6547


2026-02-17 08:15:49,889 | INFO | Total noisy interactions: 0


2026-02-17 08:15:49,889 | INFO | Test set with 1266 rows
2026-02-17 08:15:49,889 | INFO | Loaded df with 1266 records
2026-02-17 08:15:49,890 | INFO | Unique users: 1266, Unique items: 719


2026-02-17 08:15:49,890 | INFO | Total interactions: 1266


2026-02-17 08:15:49,890 | INFO | Total noisy interactions: 0


2026-02-17 08:15:49,890 | INFO | Validation set with 1266 rows
2026-02-17 08:15:49,890 | INFO | Loaded df with 1266 records
2026-02-17 08:15:49,891 | INFO | Unique users: 1266, Unique items: 781


2026-02-17 08:15:49,891 | INFO | Total interactions: 1266


2026-02-17 08:15:49,891 | INFO | Total noisy interactions: 0


2026-02-17 08:15:49,891 | INFO | Computing stats on clean split data...
2026-02-17 08:18:48,776 | INFO | Saving noisy DataFrame to CSV at /Users/ornellairrera/PycharmProjects/RecProbe/src/data/output/amazon_All_Beauty/train_noisy_rating_timestamp_corruption.csv
2026-02-17 08:18:48,832 | INFO | Loaded df with 6547 records
2026-02-17 08:18:48,834 | INFO | Unique users: 1266, Unique items: 1422


2026-02-17 08:18:48,834 | INFO | Total interactions: 6547


2026-02-17 08:18:48,835 | INFO | Total noisy interactions: 1000


2026-02-17 08:18:48,835 | INFO | Loaded df with 1266 records
2026-02-17 08:18:48,836 | INFO | Unique users: 1266, Unique items: 781


2026-02-17 08:18:48,836 | INFO | Total interactions: 1266


2026-02-17 08:18:48,836 | INFO | Total noisy interactions: 0


2026-02-17 08:18:48,837 | INFO | Loaded df with 1266 records
2026-02-17 08:18:48,837 | INFO | Unique users: 1266, Unique items: 719


2026-02-17 08:18:48,837 | INFO | Total interactions: 1266


2026-02-17 08:18:48,837 | INFO | Total noisy interactions: 0


2026-02-17 08:18:49,481 | INFO | noisy df saved.
