2026-02-11 16:05:50,728 | INFO | Loading JSONL file in chunks from /Users/ornellairrera/PycharmProjects/RecProbe/code/data/input/amazon_All_Beauty/All_Beauty.jsonl
2026-02-11 16:05:57,179 | INFO | Finished loading JSONL file from /Users/ornellairrera/PycharmProjects/RecProbe/code/data/input/amazon_All_Beauty/All_Beauty.jsonl
2026-02-11 16:05:58,865 | INFO | Extracting 3-core from the dataset
2026-02-11 16:05:59,693 | INFO | Finished extracting 3-core. Remaining records: 9079
2026-02-11 16:05:59,693 | INFO | Loaded df with 9079 records
2026-02-11 16:05:59,695 | INFO | Unique users: 1266, Unique items: 1473
2026-02-11 16:05:59,703 | INFO | Rating stats:
count    9079.000000
mean        4.325697
std         0.949479
min         1.000000
25%         4.000000
50%         5.000000
75%         5.000000
max         5.000000
Name: rating, dtype: float64
2026-02-11 16:05:59,705 | INFO | Rating value counts:
rating
1     186
2     324
3    1007
4    2392
5    5170
Name: count, dtype: int64
2026-02-11 16:05:59,705 | INFO | Average items per user:
7.17
2026-02-11 16:05:59,705 | INFO | Average users per item:
6.16
2026-02-11 16:05:59,705 | INFO | Max items per user:
126.00
2026-02-11 16:05:59,705 | INFO | Max users per item:
45.00
2026-02-11 16:05:59,705 | INFO | Sparsity of the dataset: 
0.995131
2026-02-11 16:05:59,810 | INFO | Loaded df with 9079 records
2026-02-11 16:05:59,813 | INFO | Unique users: 1266, Unique items: 1473
2026-02-11 16:05:59,819 | INFO | Rating stats:
count    9079.000000
mean        4.325697
std         0.949479
min         1.000000
25%         4.000000
50%         5.000000
75%         5.000000
max         5.000000
Name: rating, dtype: float64
2026-02-11 16:05:59,820 | INFO | Rating value counts:
rating
1     186
2     324
3    1007
4    2392
5    5170
Name: count, dtype: int64
2026-02-11 16:05:59,820 | INFO | Average items per user:
7.17
2026-02-11 16:05:59,820 | INFO | Average users per item:
6.16
2026-02-11 16:05:59,820 | INFO | Max items per user:
126.00
2026-02-11 16:05:59,820 | INFO | Max users per item:
45.00
2026-02-11 16:05:59,820 | INFO | Sparsity of the dataset: 
0.995131
2026-02-11 16:05:59,844 | INFO | Saving clean training DataFrame to CSV at /Users/ornellairrera/PycharmProjects/RecProbe/code/data/output/amazon_All_Beauty/train.csv
2026-02-11 16:05:59,844 | INFO | Saving clean test DataFrame to CSV at /Users/ornellairrera/PycharmProjects/RecProbe/code/data/output/amazon_All_Beauty/test.csv
