2026-02-19 15:09:13,392 | INFO | config
2026-02-19 15:09:13,392 | INFO | Config(input=InputConfig(reviews={'file_name': 'All_Beauty', 'format': 'jsonl', 'separator': ','}, items={'file_name': 'meta_All_Beauty', 'format': 'csv', 'separator': ','}), output=OutputConfig(reviews={'format': 'jsonl', 'separator': ','}, items={'format': 'csv', 'separator': ','}), split=SplitConfig(training=0.8, validation=0.1, test=0.1, strategy='random holdout', noise_in_test=False), drop_duplicates=True, noise_profile='rating', noise_context='rating_burst', evaluation='recbole', kcore=3, min_rating=1, min_review_length=0, random_seed=42, verbose=True, dataset='amazon_All_Beauty', noise_config=RatingConfig(context='rating_burst', budget=1000, avoid_duplicates=True, random_inconsistencies=None, rating_burst=UserBurstNoiseConfig(target='item', selection_strategy='top', operation='remove', max_ratings_per_node=300, min_ratings_per_node=100, rating_behavior=RatingBehaviorConfig(min_rating=1, max_rating=5, sampling_strategy='gaussian'), temporal_behavior=TemporalIntervalConfig(start_timestamp=1009459200, end_timestamp=1798761600)), timestamp_corruption=None))
2026-02-19 15:09:13,394 | INFO | Loading JSONL file in chunks from /code/src/data/input/amazon_All_Beauty/All_Beauty.jsonl
2026-02-19 15:09:20,329 | INFO | Finished loading JSONL file from /code/src/data/input/amazon_All_Beauty/All_Beauty.jsonl
2026-02-19 15:09:22,164 | INFO | Extracting 3-core from the dataset
2026-02-19 15:09:23,177 | INFO | Finished extracting 3-core. Remaining records: 9079
2026-02-19 15:09:23,306 | INFO | Computing stats on clean data...
2026-02-19 15:09:23,306 | INFO | Loaded df with 9079 records
2026-02-19 15:09:23,308 | INFO | Unique users: 1266, Unique items: 1473


2026-02-19 15:09:23,314 | INFO | Total interactions: 9079


2026-02-19 15:09:23,317 | INFO | Rating stats:
count    9079.000000
mean        4.325697
std         0.949479
min         1.000000
25%         4.000000
50%         5.000000
75%         5.000000
max         5.000000
Name: rating, dtype: float64


2026-02-19 15:09:23,318 | INFO | Rating value counts:
rating
1     186
2     324
3    1007
4    2392
5    5170
Name: count, dtype: int64


2026-02-19 15:09:23,318 | INFO | Average items per user:
7.17


2026-02-19 15:09:23,318 | INFO | Average users per item:
6.16


2026-02-19 15:09:23,319 | INFO | Max items per user:
126.00


2026-02-19 15:09:23,319 | INFO | Max users per item:
45.00


2026-02-19 15:09:23,319 | INFO | Sparsity of the dataset: 
0.995131


2026-02-19 15:09:23,319 | INFO | Saving clean training DataFrame to CSV at /code/src/data/output/amazon_All_Beauty/train.csv
2026-02-19 15:09:23,320 | INFO | Saving clean test DataFrame to CSV at /code/src/data/output/amazon_All_Beauty/test.csv
2026-02-19 15:09:23,320 | INFO | Saving clean validation DataFrame to CSV at /code/src/data/output/amazon_All_Beauty/validation.csv
2026-02-19 15:09:23,326 | INFO | Train set with 7263 rows
2026-02-19 15:09:23,326 | INFO | Loaded df with 7263 records
2026-02-19 15:09:23,328 | INFO | Unique users: 1260, Unique items: 1470


2026-02-19 15:09:23,329 | INFO | Total interactions: 7263


2026-02-19 15:09:23,329 | INFO | Total noisy interactions: 0


2026-02-19 15:09:23,329 | INFO | Test set with 907 rows
2026-02-19 15:09:23,329 | INFO | Loaded df with 907 records
2026-02-19 15:09:23,330 | INFO | Unique users: 555, Unique items: 681


2026-02-19 15:09:23,330 | INFO | Total interactions: 907


2026-02-19 15:09:23,330 | INFO | Total noisy interactions: 0


2026-02-19 15:09:23,330 | INFO | Validation set with 907 rows
2026-02-19 15:09:23,330 | INFO | Loaded df with 907 records
2026-02-19 15:09:23,331 | INFO | Unique users: 551, Unique items: 675


2026-02-19 15:09:23,331 | INFO | Total interactions: 907


2026-02-19 15:09:23,331 | INFO | Total noisy interactions: 0


2026-02-19 15:09:23,331 | INFO | Computing stats on clean split data...
2026-02-19 15:09:23,643 | INFO | Saving noisy DataFrame to CSV at /code/src/data/output/amazon_All_Beauty/train_noisy_rating_rating_burst.csv
2026-02-19 15:09:23,673 | INFO | Loaded df with 8263 records
2026-02-19 15:09:23,675 | INFO | Unique users: 1260, Unique items: 1470


2026-02-19 15:09:23,675 | INFO | Total interactions: 8263


2026-02-19 15:09:23,675 | INFO | Total noisy interactions: 1000


2026-02-19 15:09:23,675 | INFO | Loaded df with 907 records
2026-02-19 15:09:23,676 | INFO | Unique users: 551, Unique items: 675


2026-02-19 15:09:23,676 | INFO | Total interactions: 907


2026-02-19 15:09:23,676 | INFO | Total noisy interactions: 0


2026-02-19 15:09:23,676 | INFO | Loaded df with 907 records
2026-02-19 15:09:23,677 | INFO | Unique users: 555, Unique items: 681


2026-02-19 15:09:23,677 | INFO | Total interactions: 907


2026-02-19 15:09:23,677 | INFO | Total noisy interactions: 0


2026-02-19 15:09:23,724 | INFO | noisy df saved.
2026-02-19 15:09:23,724 | INFO | Checking file existence...
2026-02-19 15:09:23,727 | INFO | Baselines on clean data
2026-02-19 15:09:30,904 | INFO | Baselines on noisy data
