2026-02-17 08:38:49,189 | INFO | Loading JSONL file in chunks from /Users/ornellairrera/PycharmProjects/RecProbe/src/data/input/amazon_All_Beauty/All_Beauty.jsonl
2026-02-17 08:39:02,271 | INFO | Finished loading JSONL file from /Users/ornellairrera/PycharmProjects/RecProbe/src/data/input/amazon_All_Beauty/All_Beauty.jsonl
2026-02-17 08:39:04,994 | INFO | Extracting 3-core from the dataset
2026-02-17 08:39:06,549 | INFO | Finished extracting 3-core. Remaining records: 9079
2026-02-17 08:39:06,789 | INFO | Computing stats on clean data...
2026-02-17 08:39:06,789 | INFO | Loaded df with 9079 records
2026-02-17 08:39:06,795 | INFO | Unique users: 1266, Unique items: 1473


2026-02-17 08:39:06,811 | INFO | Total interactions: 9079


2026-02-17 08:39:06,818 | INFO | Rating stats:
count    9079.000000
mean        4.325697
std         0.949479
min         1.000000
25%         4.000000
50%         5.000000
75%         5.000000
max         5.000000
Name: rating, dtype: float64


2026-02-17 08:39:06,822 | INFO | Rating value counts:
rating
1     186
2     324
3    1007
4    2392
5    5170
Name: count, dtype: int64


2026-02-17 08:39:06,822 | INFO | Average items per user:
7.17


2026-02-17 08:39:06,822 | INFO | Average users per item:
6.16


2026-02-17 08:39:06,822 | INFO | Max items per user:
126.00


2026-02-17 08:39:06,822 | INFO | Max users per item:
45.00


2026-02-17 08:39:06,822 | INFO | Sparsity of the dataset: 
0.995131


2026-02-17 08:39:06,822 | INFO | Saving clean training DataFrame to CSV at /Users/ornellairrera/PycharmProjects/RecProbe/src/data/output/amazon_All_Beauty/train.csv
2026-02-17 08:39:06,823 | INFO | Saving clean test DataFrame to CSV at /Users/ornellairrera/PycharmProjects/RecProbe/src/data/output/amazon_All_Beauty/test.csv
2026-02-17 08:39:06,823 | INFO | Saving clean validation DataFrame to CSV at /Users/ornellairrera/PycharmProjects/RecProbe/src/data/output/amazon_All_Beauty/validation.csv
2026-02-17 08:39:07,906 | INFO | Train set with 6547 rows
2026-02-17 08:39:07,906 | INFO | Loaded df with 6547 records
2026-02-17 08:39:07,909 | INFO | Unique users: 1266, Unique items: 1422


2026-02-17 08:39:07,909 | INFO | Total interactions: 6547


2026-02-17 08:39:07,909 | INFO | Total noisy interactions: 0


2026-02-17 08:39:07,909 | INFO | Test set with 1266 rows
2026-02-17 08:39:07,909 | INFO | Loaded df with 1266 records
2026-02-17 08:39:07,910 | INFO | Unique users: 1266, Unique items: 719


2026-02-17 08:39:07,911 | INFO | Total interactions: 1266


2026-02-17 08:39:07,911 | INFO | Total noisy interactions: 0


2026-02-17 08:39:07,911 | INFO | Validation set with 1266 rows
2026-02-17 08:39:07,911 | INFO | Loaded df with 1266 records
2026-02-17 08:39:07,919 | INFO | Unique users: 1266, Unique items: 781


2026-02-17 08:39:07,919 | INFO | Total interactions: 1266


2026-02-17 08:39:07,920 | INFO | Total noisy interactions: 0


2026-02-17 08:39:07,920 | INFO | Computing stats on clean split data...
