2026-02-17 14:57:47,947 | INFO | Loading JSONL file in chunks from /Users/ornellairrera/PycharmProjects/RecProbe/src/data/input/amazon_All_Beauty/All_Beauty.jsonl
2026-02-17 14:57:54,816 | INFO | Finished loading JSONL file from /Users/ornellairrera/PycharmProjects/RecProbe/src/data/input/amazon_All_Beauty/All_Beauty.jsonl
2026-02-17 14:57:57,151 | INFO | Extracting 3-core from the dataset
2026-02-17 14:57:58,313 | INFO | Finished extracting 3-core. Remaining records: 9079
2026-02-17 14:57:58,480 | INFO | Computing stats on clean data...
2026-02-17 14:57:58,481 | INFO | Loaded df with 9079 records
2026-02-17 14:57:58,483 | INFO | Unique users: 1266, Unique items: 1473


2026-02-17 14:57:58,492 | INFO | Total interactions: 9079


2026-02-17 14:57:58,497 | INFO | Rating stats:
count    9079.000000
mean        4.325697
std         0.949479
min         1.000000
25%         4.000000
50%         5.000000
75%         5.000000
max         5.000000
Name: rating, dtype: float64


2026-02-17 14:57:58,498 | INFO | Rating value counts:
rating
1     186
2     324
3    1007
4    2392
5    5170
Name: count, dtype: int64


2026-02-17 14:57:58,498 | INFO | Average items per user:
7.17


2026-02-17 14:57:58,498 | INFO | Average users per item:
6.16


2026-02-17 14:57:58,498 | INFO | Max items per user:
126.00


2026-02-17 14:57:58,499 | INFO | Max users per item:
45.00


2026-02-17 14:57:58,499 | INFO | Sparsity of the dataset: 
0.995131


2026-02-17 14:57:58,499 | INFO | Saving clean training DataFrame to CSV at /Users/ornellairrera/PycharmProjects/RecProbe/src/data/output/amazon_All_Beauty/train.csv
2026-02-17 14:57:58,499 | INFO | Saving clean test DataFrame to CSV at /Users/ornellairrera/PycharmProjects/RecProbe/src/data/output/amazon_All_Beauty/test.csv
2026-02-17 14:57:58,499 | INFO | Saving clean validation DataFrame to CSV at /Users/ornellairrera/PycharmProjects/RecProbe/src/data/output/amazon_All_Beauty/validation.csv
2026-02-17 14:57:58,507 | INFO | Train set with 7263 rows
2026-02-17 14:57:58,507 | INFO | Loaded df with 7263 records
2026-02-17 14:57:58,509 | INFO | Unique users: 1260, Unique items: 1470


2026-02-17 14:57:58,509 | INFO | Total interactions: 7263


2026-02-17 14:57:58,509 | INFO | Total noisy interactions: 0


2026-02-17 14:57:58,509 | INFO | Test set with 907 rows
2026-02-17 14:57:58,509 | INFO | Loaded df with 907 records
2026-02-17 14:57:58,510 | INFO | Unique users: 555, Unique items: 681


2026-02-17 14:57:58,510 | INFO | Total interactions: 907


2026-02-17 14:57:58,510 | INFO | Total noisy interactions: 0


2026-02-17 14:57:58,510 | INFO | Validation set with 907 rows
2026-02-17 14:57:58,510 | INFO | Loaded df with 907 records
2026-02-17 14:57:58,511 | INFO | Unique users: 551, Unique items: 675


2026-02-17 14:57:58,511 | INFO | Total interactions: 907


2026-02-17 14:57:58,511 | INFO | Total noisy interactions: 0


2026-02-17 14:57:58,511 | INFO | Computing stats on clean split data...
2026-02-17 15:00:14,847 | INFO | Saving noisy DataFrame to CSV at /Users/ornellairrera/PycharmProjects/RecProbe/src/data/output/amazon_All_Beauty/train_noisy_review_sentence_noise.csv
2026-02-17 15:00:14,894 | INFO | Loaded df with 7089 records
2026-02-17 15:00:14,896 | INFO | Unique users: 1252, Unique items: 1467


2026-02-17 15:00:14,896 | INFO | Total interactions: 7089


2026-02-17 15:00:14,897 | INFO | Total noisy interactions: 1558


2026-02-17 15:00:14,897 | INFO | Loaded df with 907 records
2026-02-17 15:00:14,897 | INFO | Unique users: 551, Unique items: 675


2026-02-17 15:00:14,897 | INFO | Total interactions: 907


2026-02-17 15:00:14,898 | INFO | Total noisy interactions: 0


2026-02-17 15:00:14,898 | INFO | Loaded df with 907 records
2026-02-17 15:00:14,898 | INFO | Unique users: 555, Unique items: 681


2026-02-17 15:00:14,898 | INFO | Total interactions: 907


2026-02-17 15:00:14,898 | INFO | Total noisy interactions: 0


2026-02-17 15:00:15,025 | INFO | noisy df saved.
