2026-02-19 10:52:26,896 | INFO | Loading JSONL file in chunks from /Users/ornellairrera/PycharmProjects/RecProbe/src/data/input/amazon_All_Beauty/All_Beauty.jsonl
2026-02-19 10:52:36,120 | INFO | Finished loading JSONL file from /Users/ornellairrera/PycharmProjects/RecProbe/src/data/input/amazon_All_Beauty/All_Beauty.jsonl
2026-02-19 10:52:38,572 | INFO | Extracting 3-core from the dataset
2026-02-19 10:52:39,549 | INFO | Finished extracting 3-core. Remaining records: 9079
2026-02-19 10:52:39,692 | INFO | Computing stats on clean data...
2026-02-19 10:52:39,692 | INFO | Loaded df with 9079 records
2026-02-19 10:52:39,695 | INFO | Unique users: 1266, Unique items: 1473


2026-02-19 10:52:39,704 | INFO | Total interactions: 9079


2026-02-19 10:52:39,712 | INFO | Rating stats:
count    9079.000000
mean        4.325697
std         0.949479
min         1.000000
25%         4.000000
50%         5.000000
75%         5.000000
max         5.000000
Name: rating, dtype: float64


2026-02-19 10:52:39,713 | INFO | Rating value counts:
rating
1     186
2     324
3    1007
4    2392
5    5170
Name: count, dtype: int64


2026-02-19 10:52:39,713 | INFO | Average items per user:
7.17


2026-02-19 10:52:39,713 | INFO | Average users per item:
6.16


2026-02-19 10:52:39,713 | INFO | Max items per user:
126.00


2026-02-19 10:52:39,714 | INFO | Max users per item:
45.00


2026-02-19 10:52:39,714 | INFO | Sparsity of the dataset: 
0.995131


2026-02-19 10:52:39,714 | INFO | Saving clean training DataFrame to CSV at /Users/ornellairrera/PycharmProjects/RecProbe/src/data/output/amazon_All_Beauty/train.csv
2026-02-19 10:52:39,714 | INFO | Saving clean test DataFrame to CSV at /Users/ornellairrera/PycharmProjects/RecProbe/src/data/output/amazon_All_Beauty/test.csv
2026-02-19 10:52:39,714 | INFO | Saving clean validation DataFrame to CSV at /Users/ornellairrera/PycharmProjects/RecProbe/src/data/output/amazon_All_Beauty/validation.csv
2026-02-19 10:52:39,721 | INFO | Train set with 7263 rows
2026-02-19 10:52:39,721 | INFO | Loaded df with 7263 records
2026-02-19 10:52:39,723 | INFO | Unique users: 1260, Unique items: 1470


2026-02-19 10:52:39,723 | INFO | Total interactions: 7263


2026-02-19 10:52:39,723 | INFO | Total noisy interactions: 0


2026-02-19 10:52:39,723 | INFO | Test set with 907 rows
2026-02-19 10:52:39,723 | INFO | Loaded df with 907 records
2026-02-19 10:52:39,723 | INFO | Unique users: 555, Unique items: 681


2026-02-19 10:52:39,723 | INFO | Total interactions: 907


2026-02-19 10:52:39,723 | INFO | Total noisy interactions: 0


2026-02-19 10:52:39,724 | INFO | Validation set with 907 rows
2026-02-19 10:52:39,724 | INFO | Loaded df with 907 records
2026-02-19 10:52:39,724 | INFO | Unique users: 551, Unique items: 675


2026-02-19 10:52:39,724 | INFO | Total interactions: 907


2026-02-19 10:52:39,724 | INFO | Total noisy interactions: 0


2026-02-19 10:52:39,724 | INFO | Computing stats on clean split data...
2026-02-19 10:54:57,525 | INFO | Saving noisy DataFrame to CSV at /Users/ornellairrera/PycharmProjects/RecProbe/src/data/output/amazon_All_Beauty/train_noisy_rating_random_inconsistencies.csv
2026-02-19 10:54:57,556 | INFO | Loaded df with 6263 records
2026-02-19 10:54:57,558 | INFO | Unique users: 1253, Unique items: 1470


2026-02-19 10:54:57,558 | INFO | Total interactions: 6263


2026-02-19 10:54:57,558 | INFO | Total noisy interactions: 0


2026-02-19 10:54:57,558 | INFO | Loaded df with 907 records
2026-02-19 10:54:57,558 | INFO | Unique users: 551, Unique items: 675


2026-02-19 10:54:57,558 | INFO | Total interactions: 907


2026-02-19 10:54:57,558 | INFO | Total noisy interactions: 0


2026-02-19 10:54:57,558 | INFO | Loaded df with 907 records
2026-02-19 10:54:57,559 | INFO | Unique users: 555, Unique items: 681


2026-02-19 10:54:57,559 | INFO | Total interactions: 907


2026-02-19 10:54:57,559 | INFO | Total noisy interactions: 0


2026-02-19 10:54:57,590 | INFO | noisy df saved.
2026-02-19 10:54:57,591 | INFO | Checking file existence...
2026-02-19 10:54:58,547 | INFO | Baselines on clean data
