2026-02-11 16:07:11,247 | INFO | Loading JSONL file in chunks from /Users/ornellairrera/PycharmProjects/RecProbe/code/data/input/amazon_All_Beauty/All_Beauty.jsonl
2026-02-11 16:07:17,824 | INFO | Finished loading JSONL file from /Users/ornellairrera/PycharmProjects/RecProbe/code/data/input/amazon_All_Beauty/All_Beauty.jsonl
2026-02-11 16:07:19,487 | INFO | Extracting 3-core from the dataset
2026-02-11 16:07:20,609 | INFO | Finished extracting 3-core. Remaining records: 9079
2026-02-11 16:07:20,609 | INFO | Loaded df with 9079 records
2026-02-11 16:07:20,610 | INFO | Unique users: 1266, Unique items: 1473
2026-02-11 16:07:20,616 | INFO | Rating stats:
count    9079.000000
mean        4.325697
std         0.949479
min         1.000000
25%         4.000000
50%         5.000000
75%         5.000000
max         5.000000
Name: rating, dtype: float64
2026-02-11 16:07:20,616 | INFO | Rating value counts:
rating
1     186
2     324
3    1007
4    2392
5    5170
Name: count, dtype: int64
2026-02-11 16:07:20,616 | INFO | Average items per user:
7.17
2026-02-11 16:07:20,616 | INFO | Average users per item:
6.16
2026-02-11 16:07:20,616 | INFO | Max items per user:
126.00
2026-02-11 16:07:20,616 | INFO | Max users per item:
45.00
2026-02-11 16:07:20,616 | INFO | Sparsity of the dataset: 
0.995131
2026-02-11 16:07:20,716 | INFO | Loaded df with 9079 records
2026-02-11 16:07:20,719 | INFO | Unique users: 1266, Unique items: 1473
2026-02-11 16:07:20,726 | INFO | Rating stats:
count    9079.000000
mean        4.325697
std         0.949479
min         1.000000
25%         4.000000
50%         5.000000
75%         5.000000
max         5.000000
Name: rating, dtype: float64
2026-02-11 16:07:20,726 | INFO | Rating value counts:
rating
1     186
2     324
3    1007
4    2392
5    5170
Name: count, dtype: int64
2026-02-11 16:07:20,726 | INFO | Average items per user:
7.17
2026-02-11 16:07:20,726 | INFO | Average users per item:
6.16
2026-02-11 16:07:20,726 | INFO | Max items per user:
126.00
2026-02-11 16:07:20,726 | INFO | Max users per item:
45.00
2026-02-11 16:07:20,727 | INFO | Sparsity of the dataset: 
0.995131
2026-02-11 16:07:20,751 | INFO | Saving clean training DataFrame to CSV at /Users/ornellairrera/PycharmProjects/RecProbe/code/data/output/amazon_All_Beauty/train.csv
2026-02-11 16:07:20,751 | INFO | Saving clean test DataFrame to CSV at /Users/ornellairrera/PycharmProjects/RecProbe/code/data/output/amazon_All_Beauty/test.csv
2026-02-11 16:07:20,851 | INFO | Train set with 7263 rows
2026-02-11 16:07:20,851 | INFO | Test set with 909 rows
2026-02-11 16:07:21,156 | INFO | Loaded df with 17298 records
2026-02-11 16:07:21,159 | INFO | Unique users: 1260, Unique items: 1470
2026-02-11 16:07:21,166 | INFO | Rating stats:
count     17298
unique        6
top           5
freq       8814
Name: rating, dtype: int64
2026-02-11 16:07:21,168 | INFO | Rating value counts:
rating
0     235
1     340
2     660
3    2063
4    5186
5    8814
Name: count, dtype: int64
2026-02-11 16:07:21,168 | INFO | Average items per user:
13.73
2026-02-11 16:07:21,168 | INFO | Average users per item:
11.77
2026-02-11 16:07:21,168 | INFO | Max items per user:
102.00
2026-02-11 16:07:21,168 | INFO | Max users per item:
43.00
2026-02-11 16:07:21,168 | INFO | Sparsity of the dataset: 
0.990661
2026-02-11 16:07:21,177 | INFO | Saving noisy DataFrame to CSV at /Users/ornellairrera/PycharmProjects/RecProbe/code/data/output/amazon_All_Beauty/train_noisy_rating_user_burst_noise.csv
2026-02-11 16:07:21,252 | INFO | noisy df saved.
