2026-02-12 10:07:41,934 | INFO | Loaded df with 17298 records
2026-02-12 10:07:41,936 | INFO | Unique users: 1260, Unique items: 1470
2026-02-12 10:07:41,943 | INFO | Rating stats:
count    17298.000000
mean         4.268702
std          0.927912
min          1.000000
25%          4.000000
50%          5.000000
75%          5.000000
max          5.000000
Name: rating, dtype: float64
2026-02-12 10:07:41,943 | INFO | Rating value counts:
rating
1     291
2     635
3    2096
4    5389
5    8887
Name: count, dtype: int64
2026-02-12 10:07:41,943 | INFO | Average items per user:
13.73
2026-02-12 10:07:41,943 | INFO | Average users per item:
11.77
2026-02-12 10:07:41,943 | INFO | Max items per user:
102.00
2026-02-12 10:07:41,943 | INFO | Max users per item:
43.00
2026-02-12 10:07:41,943 | INFO | Sparsity of the dataset: 
0.990661
2026-02-12 10:07:41,948 | INFO | Saving noisy DataFrame to CSV at /Users/ornellairrera/PycharmProjects/RecProbe/src/data/output/amazon_All_Beauty/train_noisy_rating_user_burst_noise.csv
2026-02-12 10:07:42,071 | INFO | noisy df saved.
