2026-02-17 11:06:03,808 | INFO | Loading JSONL file in chunks from /Users/ornellairrera/PycharmProjects/RecProbe/src/data/input/amazon_All_Beauty/All_Beauty.jsonl
2026-02-17 11:06:10,651 | INFO | Finished loading JSONL file from /Users/ornellairrera/PycharmProjects/RecProbe/src/data/input/amazon_All_Beauty/All_Beauty.jsonl
2026-02-17 11:06:12,347 | INFO | Extracting 3-core from the dataset
2026-02-17 11:06:13,147 | INFO | Finished extracting 3-core. Remaining records: 9079
2026-02-17 11:06:13,279 | INFO | Computing stats on clean data...
2026-02-17 11:06:13,280 | INFO | Loaded df with 9079 records
2026-02-17 11:06:13,281 | INFO | Unique users: 1266, Unique items: 1473


2026-02-17 11:06:13,287 | INFO | Total interactions: 9079


2026-02-17 11:06:13,290 | INFO | Rating stats:
count    9079.000000
mean        4.325697
std         0.949479
min         1.000000
25%         4.000000
50%         5.000000
75%         5.000000
max         5.000000
Name: rating, dtype: float64


2026-02-17 11:06:13,291 | INFO | Rating value counts:
rating
1     186
2     324
3    1007
4    2392
5    5170
Name: count, dtype: int64


2026-02-17 11:06:13,291 | INFO | Average items per user:
7.17


2026-02-17 11:06:13,291 | INFO | Average users per item:
6.16


2026-02-17 11:06:13,291 | INFO | Max items per user:
126.00


2026-02-17 11:06:13,292 | INFO | Max users per item:
45.00


2026-02-17 11:06:13,292 | INFO | Sparsity of the dataset: 
0.995131


2026-02-17 11:06:13,292 | INFO | Saving clean training DataFrame to CSV at /Users/ornellairrera/PycharmProjects/RecProbe/src/data/output/amazon_All_Beauty/train.csv
2026-02-17 11:06:13,292 | INFO | Saving clean test DataFrame to CSV at /Users/ornellairrera/PycharmProjects/RecProbe/src/data/output/amazon_All_Beauty/test.csv
2026-02-17 11:06:13,292 | INFO | Saving clean validation DataFrame to CSV at /Users/ornellairrera/PycharmProjects/RecProbe/src/data/output/amazon_All_Beauty/validation.csv
2026-02-17 11:06:13,934 | INFO | Train set with 6547 rows
2026-02-17 11:06:13,934 | INFO | Loaded df with 6547 records
2026-02-17 11:06:13,936 | INFO | Unique users: 1266, Unique items: 1422


2026-02-17 11:06:13,936 | INFO | Total interactions: 6547


2026-02-17 11:06:13,936 | INFO | Total noisy interactions: 0


2026-02-17 11:06:13,936 | INFO | Test set with 1266 rows
2026-02-17 11:06:13,936 | INFO | Loaded df with 1266 records
2026-02-17 11:06:13,936 | INFO | Unique users: 1266, Unique items: 719


2026-02-17 11:06:13,937 | INFO | Total interactions: 1266


2026-02-17 11:06:13,937 | INFO | Total noisy interactions: 0


2026-02-17 11:06:13,937 | INFO | Validation set with 1266 rows
2026-02-17 11:06:13,937 | INFO | Loaded df with 1266 records
2026-02-17 11:06:13,937 | INFO | Unique users: 1266, Unique items: 781


2026-02-17 11:06:13,937 | INFO | Total interactions: 1266


2026-02-17 11:06:13,937 | INFO | Total noisy interactions: 0


2026-02-17 11:06:13,937 | INFO | Computing stats on clean split data...
2026-02-17 11:06:14,100 | INFO | Saving noisy DataFrame to CSV at /Users/ornellairrera/PycharmProjects/RecProbe/src/data/output/amazon_All_Beauty/train_noisy_rating_random_inconsistencies.csv
2026-02-17 11:06:20,446 | INFO | Loaded df with 5568 records
2026-02-17 11:06:20,449 | INFO | Unique users: 1152, Unique items: 1415


2026-02-17 11:06:20,449 | INFO | Total interactions: 5568


2026-02-17 11:06:20,449 | INFO | Total noisy interactions: 0


2026-02-17 11:06:20,449 | INFO | Loaded df with 1152 records
2026-02-17 11:06:20,449 | INFO | Unique users: 1152, Unique items: 755


2026-02-17 11:06:20,449 | INFO | Total interactions: 1152


2026-02-17 11:06:20,450 | INFO | Total noisy interactions: 0


2026-02-17 11:06:20,450 | INFO | Loaded df with 1152 records
2026-02-17 11:06:20,450 | INFO | Unique users: 1152, Unique items: 698


2026-02-17 11:06:20,450 | INFO | Total interactions: 1152


2026-02-17 11:06:20,450 | INFO | Total noisy interactions: 0


2026-02-17 11:06:20,450 | INFO | noisy df saved.
