2026-02-19 18:36:46,109 | INFO | Loading JSONL file in chunks from /code/src/data/input/amazon_All_Beauty/All_Beauty.jsonl
2026-02-19 18:36:52,803 | INFO | Finished loading JSONL file from /code/src/data/input/amazon_All_Beauty/All_Beauty.jsonl
2026-02-19 18:36:54,655 | INFO | Extracting 3-core from the dataset
2026-02-19 18:36:55,776 | INFO | Finished extracting 3-core. Remaining records: 9079
2026-02-19 18:36:55,906 | INFO | Computing stats on clean data...
2026-02-19 18:36:55,906 | INFO | Loaded df with 9079 records
2026-02-19 18:36:55,909 | INFO | Unique users: 1266, Unique items: 1473


2026-02-19 18:36:55,914 | INFO | Total interactions: 9079


2026-02-19 18:36:55,916 | INFO | Rating stats:
count    9079.000000
mean        4.325697
std         0.949479
min         1.000000
25%         4.000000
50%         5.000000
75%         5.000000
max         5.000000
Name: rating, dtype: float64


2026-02-19 18:36:55,917 | INFO | Rating value counts:
rating
1     186
2     324
3    1007
4    2392
5    5170
Name: count, dtype: int64


2026-02-19 18:36:55,917 | INFO | Average items per user:
7.17


2026-02-19 18:36:55,917 | INFO | Average users per item:
6.16


2026-02-19 18:36:55,918 | INFO | Max items per user:
126.00


2026-02-19 18:36:55,918 | INFO | Max users per item:
45.00


2026-02-19 18:36:55,918 | INFO | Sparsity of the dataset: 
0.995131


2026-02-19 18:36:55,918 | INFO | Saving clean training DataFrame to CSV at /code/src/data/output/amazon_All_Beauty/train.csv
2026-02-19 18:36:55,918 | INFO | Saving clean test DataFrame to CSV at /code/src/data/output/amazon_All_Beauty/test.csv
2026-02-19 18:36:55,918 | INFO | Saving clean validation DataFrame to CSV at /code/src/data/output/amazon_All_Beauty/validation.csv
2026-02-19 18:36:55,924 | INFO | Train set with 7263 rows
2026-02-19 18:36:55,924 | INFO | Loaded df with 7263 records
2026-02-19 18:36:55,926 | INFO | Unique users: 1260, Unique items: 1470


2026-02-19 18:36:55,926 | INFO | Total interactions: 7263


2026-02-19 18:36:55,926 | INFO | Total noisy interactions: 0


2026-02-19 18:36:55,926 | INFO | Test set with 907 rows
2026-02-19 18:36:55,927 | INFO | Loaded df with 907 records
2026-02-19 18:36:55,927 | INFO | Unique users: 555, Unique items: 681


2026-02-19 18:36:55,927 | INFO | Total interactions: 907


2026-02-19 18:36:55,928 | INFO | Total noisy interactions: 0


2026-02-19 18:36:55,928 | INFO | Validation set with 907 rows
2026-02-19 18:36:55,928 | INFO | Loaded df with 907 records
2026-02-19 18:36:55,928 | INFO | Unique users: 551, Unique items: 675


2026-02-19 18:36:55,928 | INFO | Total interactions: 907


2026-02-19 18:36:55,929 | INFO | Total noisy interactions: 0


2026-02-19 18:36:55,929 | INFO | Computing stats on clean split data...
2026-02-19 18:36:56,265 | INFO | Saving noisy DataFrame to CSV at /code/src/data/output/amazon_All_Beauty/train_noisy_rating_rating_burst.csv
2026-02-19 18:36:56,295 | INFO | Loaded df with 8263 records
2026-02-19 18:36:56,297 | INFO | Unique users: 1260, Unique items: 1470


2026-02-19 18:36:56,297 | INFO | Total interactions: 8263


2026-02-19 18:36:56,298 | INFO | Total noisy interactions: 1000


2026-02-19 18:36:56,298 | INFO | Loaded df with 907 records
2026-02-19 18:36:56,298 | INFO | Unique users: 551, Unique items: 675


2026-02-19 18:36:56,298 | INFO | Total interactions: 907


2026-02-19 18:36:56,298 | INFO | Total noisy interactions: 0


2026-02-19 18:36:56,299 | INFO | Loaded df with 907 records
2026-02-19 18:36:56,299 | INFO | Unique users: 555, Unique items: 681


2026-02-19 18:36:56,299 | INFO | Total interactions: 907


2026-02-19 18:36:56,299 | INFO | Total noisy interactions: 0


2026-02-19 18:36:56,348 | INFO | noisy df saved.
2026-02-19 18:36:56,349 | INFO | Checking file existence...
2026-02-19 18:36:56,355 | INFO | Baselines on clean data
2026-02-19 18:37:03,728 | INFO | Baselines on noisy data
