2026-02-19 13:01:26,369 | INFO | Loading JSONL file in chunks from /Users/ornellairrera/PycharmProjects/RecProbe/src/data/input/amazon_All_Beauty/All_Beauty.jsonl
2026-02-19 13:01:33,539 | INFO | Finished loading JSONL file from /Users/ornellairrera/PycharmProjects/RecProbe/src/data/input/amazon_All_Beauty/All_Beauty.jsonl
2026-02-19 13:01:35,130 | INFO | Extracting 3-core from the dataset
2026-02-19 13:01:35,918 | INFO | Finished extracting 3-core. Remaining records: 9079
2026-02-19 13:01:36,047 | INFO | Computing stats on clean data...
2026-02-19 13:01:36,048 | INFO | Loaded df with 9079 records
2026-02-19 13:01:36,049 | INFO | Unique users: 1266, Unique items: 1473


2026-02-19 13:01:36,054 | INFO | Total interactions: 9079


2026-02-19 13:01:36,058 | INFO | Rating stats:
count    9079.000000
mean        4.325697
std         0.949479
min         1.000000
25%         4.000000
50%         5.000000
75%         5.000000
max         5.000000
Name: rating, dtype: float64


2026-02-19 13:01:36,059 | INFO | Rating value counts:
rating
1     186
2     324
3    1007
4    2392
5    5170
Name: count, dtype: int64


2026-02-19 13:01:36,059 | INFO | Average items per user:
7.17


2026-02-19 13:01:36,059 | INFO | Average users per item:
6.16


2026-02-19 13:01:36,059 | INFO | Max items per user:
126.00


2026-02-19 13:01:36,059 | INFO | Max users per item:
45.00


2026-02-19 13:01:36,059 | INFO | Sparsity of the dataset: 
0.995131


2026-02-19 13:01:36,060 | INFO | Saving clean training DataFrame to CSV at /Users/ornellairrera/PycharmProjects/RecProbe/src/data/output/amazon_All_Beauty/train.csv
2026-02-19 13:01:36,060 | INFO | Saving clean test DataFrame to CSV at /Users/ornellairrera/PycharmProjects/RecProbe/src/data/output/amazon_All_Beauty/test.csv
2026-02-19 13:01:36,060 | INFO | Saving clean validation DataFrame to CSV at /Users/ornellairrera/PycharmProjects/RecProbe/src/data/output/amazon_All_Beauty/validation.csv
2026-02-19 13:01:36,065 | INFO | Train set with 7263 rows
2026-02-19 13:01:36,065 | INFO | Loaded df with 7263 records
2026-02-19 13:01:36,066 | INFO | Unique users: 1260, Unique items: 1470


2026-02-19 13:01:36,066 | INFO | Total interactions: 7263


2026-02-19 13:01:36,066 | INFO | Total noisy interactions: 0


2026-02-19 13:01:36,066 | INFO | Test set with 907 rows
2026-02-19 13:01:36,067 | INFO | Loaded df with 907 records
2026-02-19 13:01:36,067 | INFO | Unique users: 555, Unique items: 681


2026-02-19 13:01:36,067 | INFO | Total interactions: 907


2026-02-19 13:01:36,067 | INFO | Total noisy interactions: 0


2026-02-19 13:01:36,067 | INFO | Validation set with 907 rows
2026-02-19 13:01:36,067 | INFO | Loaded df with 907 records
2026-02-19 13:01:36,068 | INFO | Unique users: 551, Unique items: 675


2026-02-19 13:01:36,068 | INFO | Total interactions: 907


2026-02-19 13:01:36,068 | INFO | Total noisy interactions: 0


2026-02-19 13:01:36,068 | INFO | Computing stats on clean split data...
