2026-02-17 11:59:59,552 | INFO | Loading JSONL file in chunks from /Users/ornellairrera/PycharmProjects/RecProbe/src/data/input/amazon_All_Beauty/All_Beauty.jsonl
2026-02-17 12:00:06,302 | INFO | Finished loading JSONL file from /Users/ornellairrera/PycharmProjects/RecProbe/src/data/input/amazon_All_Beauty/All_Beauty.jsonl
2026-02-17 12:00:08,056 | INFO | Extracting 3-core from the dataset
2026-02-17 12:00:08,883 | INFO | Finished extracting 3-core. Remaining records: 9079
2026-02-17 12:00:09,010 | INFO | Computing stats on clean data...
2026-02-17 12:00:09,010 | INFO | Loaded df with 9079 records
2026-02-17 12:00:09,012 | INFO | Unique users: 1266, Unique items: 1473


2026-02-17 12:00:09,017 | INFO | Total interactions: 9079


2026-02-17 12:00:09,021 | INFO | Rating stats:
count    9079.000000
mean        4.325697
std         0.949479
min         1.000000
25%         4.000000
50%         5.000000
75%         5.000000
max         5.000000
Name: rating, dtype: float64


2026-02-17 12:00:09,022 | INFO | Rating value counts:
rating
1     186
2     324
3    1007
4    2392
5    5170
Name: count, dtype: int64


2026-02-17 12:00:09,022 | INFO | Average items per user:
7.17


2026-02-17 12:00:09,022 | INFO | Average users per item:
6.16


2026-02-17 12:00:09,022 | INFO | Max items per user:
126.00


2026-02-17 12:00:09,022 | INFO | Max users per item:
45.00


2026-02-17 12:00:09,022 | INFO | Sparsity of the dataset: 
0.995131


2026-02-17 12:00:09,022 | INFO | Saving clean training DataFrame to CSV at /Users/ornellairrera/PycharmProjects/RecProbe/src/data/output/amazon_All_Beauty/train.csv
2026-02-17 12:00:09,022 | INFO | Saving clean test DataFrame to CSV at /Users/ornellairrera/PycharmProjects/RecProbe/src/data/output/amazon_All_Beauty/test.csv
2026-02-17 12:00:09,022 | INFO | Saving clean validation DataFrame to CSV at /Users/ornellairrera/PycharmProjects/RecProbe/src/data/output/amazon_All_Beauty/validation.csv
2026-02-17 12:00:09,659 | INFO | Train set with 6547 rows
2026-02-17 12:00:09,659 | INFO | Loaded df with 6547 records
2026-02-17 12:00:09,661 | INFO | Unique users: 1266, Unique items: 1422


2026-02-17 12:00:09,661 | INFO | Total interactions: 6547


2026-02-17 12:00:09,661 | INFO | Total noisy interactions: 0


2026-02-17 12:00:09,661 | INFO | Test set with 1266 rows
2026-02-17 12:00:09,661 | INFO | Loaded df with 1266 records
2026-02-17 12:00:09,661 | INFO | Unique users: 1266, Unique items: 719


2026-02-17 12:00:09,662 | INFO | Total interactions: 1266


2026-02-17 12:00:09,662 | INFO | Total noisy interactions: 0


2026-02-17 12:00:09,662 | INFO | Validation set with 1266 rows
2026-02-17 12:00:09,662 | INFO | Loaded df with 1266 records
2026-02-17 12:00:09,662 | INFO | Unique users: 1266, Unique items: 781


2026-02-17 12:00:09,662 | INFO | Total interactions: 1266


2026-02-17 12:00:09,662 | INFO | Total noisy interactions: 0


2026-02-17 12:00:09,662 | INFO | Computing stats on clean split data...
2026-02-17 12:00:14,774 | INFO | Saving noisy DataFrame to CSV at /Users/ornellairrera/PycharmProjects/RecProbe/src/data/output/amazon_All_Beauty/train_noisy_review_random_inconsistencies.csv
2026-02-17 12:00:20,020 | INFO | Loaded df with 6447 records
2026-02-17 12:00:20,024 | INFO | Unique users: 1253, Unique items: 1418


2026-02-17 12:00:20,024 | INFO | Total interactions: 6447


2026-02-17 12:00:20,024 | INFO | Total noisy interactions: 0


2026-02-17 12:00:20,024 | INFO | Loaded df with 1253 records
2026-02-17 12:00:20,024 | INFO | Unique users: 1253, Unique items: 769


2026-02-17 12:00:20,024 | INFO | Total interactions: 1253


2026-02-17 12:00:20,025 | INFO | Total noisy interactions: 0


2026-02-17 12:00:20,025 | INFO | Loaded df with 1253 records
2026-02-17 12:00:20,025 | INFO | Unique users: 1253, Unique items: 713


2026-02-17 12:00:20,025 | INFO | Total interactions: 1253


2026-02-17 12:00:20,025 | INFO | Total noisy interactions: 0


2026-02-17 12:00:20,027 | INFO | noisy df saved.
