2026-02-12 12:16:20,967 | INFO | Loading JSONL file in chunks from /Users/ornellairrera/PycharmProjects/RecProbe/src/data/input/yelp/yelp_academic_dataset_review.json
2026-02-12 12:17:23,061 | INFO | Finished loading JSONL file from /Users/ornellairrera/PycharmProjects/RecProbe/src/data/input/yelp/yelp_academic_dataset_review.json
2026-02-12 12:19:29,332 | INFO | Extracting 20-core from the dataset
2026-02-12 12:20:06,110 | INFO | Finished extracting 20-core. Remaining records: 1389662
2026-02-12 12:22:32,969 | INFO | Computing stats on clean data...
2026-02-12 12:22:32,969 | INFO | Loaded df with 1389662 records
2026-02-12 12:22:33,628 | INFO | Unique users: 27999, Unique items: 22323


2026-02-12 12:22:35,418 | INFO | Total interactions: 1389662


2026-02-12 12:22:35,443 | INFO | Rating stats:
count    1.389662e+06
mean     3.918418e+00
std      1.111494e+00
min      1.000000e+00
25%      3.000000e+00
50%      4.000000e+00
75%      5.000000e+00
max      5.000000e+00
Name: rating, dtype: float64


2026-02-12 12:22:35,450 | INFO | Rating value counts:
rating
1     63175
2    104623
3    226797
4    482870
5    512197
Name: count, dtype: int64


2026-02-12 12:22:35,450 | INFO | Average items per user:
49.63


2026-02-12 12:22:35,450 | INFO | Average users per item:
62.25


2026-02-12 12:22:35,450 | INFO | Max items per user:
1655.00


2026-02-12 12:22:35,450 | INFO | Max users per item:
1565.00


2026-02-12 12:22:35,450 | INFO | Sparsity of the dataset: 
0.997777


2026-02-12 12:22:35,450 | INFO | Saving clean training DataFrame to CSV at /Users/ornellairrera/PycharmProjects/RecProbe/src/data/output/yelp/train.csv
2026-02-12 12:22:35,450 | INFO | Saving clean test DataFrame to CSV at /Users/ornellairrera/PycharmProjects/RecProbe/src/data/output/yelp/test.csv
2026-02-12 12:23:04,581 | INFO | Train set with 1111729 rows
2026-02-12 12:23:04,581 | INFO | Test set with 1250696 rows
2026-02-12 12:23:04,581 | INFO | Computing stats on clean split data...
2026-02-12 12:23:04,581 | INFO | Loaded df with 1111729 records
2026-02-12 12:23:05,169 | INFO | Unique users: 27999, Unique items: 22323


2026-02-12 12:23:05,169 | INFO | Total interactions: 1111729


2026-02-12 12:23:05,169 | INFO | Total noisy interactions: 0


2026-02-12 12:23:05,169 | INFO | Loaded df with 138966 records
2026-02-12 12:23:05,241 | INFO | Unique users: 26812, Unique items: 21615


2026-02-12 12:23:05,241 | INFO | Total interactions: 138966


2026-02-12 12:23:05,241 | INFO | Total noisy interactions: 0


2026-02-12 12:23:05,242 | INFO | Loaded df with 1250696 records
2026-02-12 12:23:05,885 | INFO | Unique users: 27999, Unique items: 22323


2026-02-12 12:23:05,885 | INFO | Total interactions: 1250696


2026-02-12 12:23:05,885 | INFO | Total noisy interactions: 0


