2026-02-16 15:31:05,494 | INFO | Loading JSONL file in chunks from /Users/ornellairrera/PycharmProjects/RecProbe/src/data/input/amazon_All_Beauty/All_Beauty.jsonl
2026-02-16 15:31:12,246 | INFO | Finished loading JSONL file from /Users/ornellairrera/PycharmProjects/RecProbe/src/data/input/amazon_All_Beauty/All_Beauty.jsonl
2026-02-16 15:31:13,991 | INFO | Extracting 3-core from the dataset
2026-02-16 15:31:14,813 | INFO | Finished extracting 3-core. Remaining records: 9079
2026-02-16 15:31:14,942 | INFO | Computing stats on clean data...
2026-02-16 15:31:14,942 | INFO | Loaded df with 9079 records
2026-02-16 15:31:14,944 | INFO | Unique users: 1266, Unique items: 1473


2026-02-16 15:31:14,949 | INFO | Total interactions: 9079


2026-02-16 15:31:14,953 | INFO | Rating stats:
count    9079.000000
mean        4.325697
std         0.949479
min         1.000000
25%         4.000000
50%         5.000000
75%         5.000000
max         5.000000
Name: rating, dtype: float64


2026-02-16 15:31:14,954 | INFO | Rating value counts:
rating
1     186
2     324
3    1007
4    2392
5    5170
Name: count, dtype: int64


2026-02-16 15:31:14,954 | INFO | Average items per user:
7.17


2026-02-16 15:31:14,954 | INFO | Average users per item:
6.16


2026-02-16 15:31:14,954 | INFO | Max items per user:
126.00


2026-02-16 15:31:14,954 | INFO | Max users per item:
45.00


2026-02-16 15:31:14,954 | INFO | Sparsity of the dataset: 
0.995131


2026-02-16 15:31:14,954 | INFO | Saving clean training DataFrame to CSV at /Users/ornellairrera/PycharmProjects/RecProbe/src/data/output/amazon_All_Beauty/train.csv
2026-02-16 15:31:14,954 | INFO | Saving clean test DataFrame to CSV at /Users/ornellairrera/PycharmProjects/RecProbe/src/data/output/amazon_All_Beauty/test.csv
2026-02-16 15:31:14,954 | INFO | Saving clean validation DataFrame to CSV at /Users/ornellairrera/PycharmProjects/RecProbe/src/data/output/amazon_All_Beauty/validation.csv
2026-02-16 15:31:53,627 | INFO | Train set with 7263 rows
2026-02-16 15:31:53,628 | INFO | Loaded df with 7263 records
2026-02-16 15:31:53,629 | INFO | Unique users: 1260, Unique items: 1470


2026-02-16 15:31:53,630 | INFO | Total interactions: 7263


2026-02-16 15:31:53,630 | INFO | Total noisy interactions: 0


2026-02-16 15:31:53,630 | INFO | Test set with 907 rows
2026-02-16 15:31:53,630 | INFO | Loaded df with 907 records
2026-02-16 15:31:53,630 | INFO | Unique users: 555, Unique items: 681


2026-02-16 15:31:53,630 | INFO | Total interactions: 907


2026-02-16 15:31:53,630 | INFO | Total noisy interactions: 0


2026-02-16 15:31:53,630 | INFO | Validation set with 907 rows
2026-02-16 15:31:53,630 | INFO | Loaded df with 907 records
2026-02-16 15:31:53,631 | INFO | Unique users: 551, Unique items: 675


2026-02-16 15:31:53,631 | INFO | Total interactions: 907


2026-02-16 15:31:53,631 | INFO | Total noisy interactions: 0


2026-02-16 15:31:53,631 | INFO | Computing stats on clean split data...
2026-02-16 15:31:55,957 | INFO | Saving noisy DataFrame to CSV at /Users/ornellairrera/PycharmProjects/RecProbe/src/data/output/amazon_All_Beauty/train_noisy_rating_rating_burst.csv
2026-02-16 15:31:56,096 | INFO | Loaded df with 8424 records
2026-02-16 15:31:56,098 | INFO | Unique users: 1260, Unique items: 1470


2026-02-16 15:31:56,098 | INFO | Total interactions: 8424


2026-02-16 15:31:56,099 | INFO | Total noisy interactions: 1161


2026-02-16 15:31:56,099 | INFO | Loaded df with 907 records
2026-02-16 15:31:56,099 | INFO | Unique users: 551, Unique items: 675


2026-02-16 15:31:56,099 | INFO | Total interactions: 907


2026-02-16 15:31:56,099 | INFO | Total noisy interactions: 0


2026-02-16 15:31:56,099 | INFO | Loaded df with 907 records
2026-02-16 15:31:56,100 | INFO | Unique users: 555, Unique items: 681


2026-02-16 15:31:56,100 | INFO | Total interactions: 907


2026-02-16 15:31:56,100 | INFO | Total noisy interactions: 0


2026-02-16 15:32:05,766 | INFO | noisy df saved.
