2026-02-17 15:00:55,392 | INFO | Loading JSONL file in chunks from /Users/ornellairrera/PycharmProjects/RecProbe/src/data/input/amazon_All_Beauty/All_Beauty.jsonl
2026-02-17 15:01:01,560 | INFO | Finished loading JSONL file from /Users/ornellairrera/PycharmProjects/RecProbe/src/data/input/amazon_All_Beauty/All_Beauty.jsonl
2026-02-17 15:01:03,260 | INFO | Extracting 3-core from the dataset
2026-02-17 15:01:04,147 | INFO | Finished extracting 3-core. Remaining records: 9079
2026-02-17 15:01:04,269 | INFO | Computing stats on clean data...
2026-02-17 15:01:04,269 | INFO | Loaded df with 9079 records
2026-02-17 15:01:04,270 | INFO | Unique users: 1266, Unique items: 1473


2026-02-17 15:01:04,274 | INFO | Total interactions: 9079


2026-02-17 15:01:04,276 | INFO | Rating stats:
count    9079.000000
mean        4.325697
std         0.949479
min         1.000000
25%         4.000000
50%         5.000000
75%         5.000000
max         5.000000
Name: rating, dtype: float64


2026-02-17 15:01:04,276 | INFO | Rating value counts:
rating
1     186
2     324
3    1007
4    2392
5    5170
Name: count, dtype: int64


2026-02-17 15:01:04,277 | INFO | Average items per user:
7.17


2026-02-17 15:01:04,277 | INFO | Average users per item:
6.16


2026-02-17 15:01:04,277 | INFO | Max items per user:
126.00


2026-02-17 15:01:04,277 | INFO | Max users per item:
45.00


2026-02-17 15:01:04,277 | INFO | Sparsity of the dataset: 
0.995131


2026-02-17 15:01:04,277 | INFO | Saving clean training DataFrame to CSV at /Users/ornellairrera/PycharmProjects/RecProbe/src/data/output/amazon_All_Beauty/train.csv
2026-02-17 15:01:04,277 | INFO | Saving clean test DataFrame to CSV at /Users/ornellairrera/PycharmProjects/RecProbe/src/data/output/amazon_All_Beauty/test.csv
2026-02-17 15:01:04,277 | INFO | Saving clean validation DataFrame to CSV at /Users/ornellairrera/PycharmProjects/RecProbe/src/data/output/amazon_All_Beauty/validation.csv
2026-02-17 15:01:04,281 | INFO | Train set with 7263 rows
2026-02-17 15:01:04,281 | INFO | Loaded df with 7263 records
2026-02-17 15:01:04,282 | INFO | Unique users: 1260, Unique items: 1470


2026-02-17 15:01:04,282 | INFO | Total interactions: 7263


2026-02-17 15:01:04,282 | INFO | Total noisy interactions: 0


2026-02-17 15:01:04,282 | INFO | Test set with 907 rows
2026-02-17 15:01:04,282 | INFO | Loaded df with 907 records
2026-02-17 15:01:04,282 | INFO | Unique users: 555, Unique items: 681


2026-02-17 15:01:04,282 | INFO | Total interactions: 907


2026-02-17 15:01:04,282 | INFO | Total noisy interactions: 0


2026-02-17 15:01:04,282 | INFO | Validation set with 907 rows
2026-02-17 15:01:04,282 | INFO | Loaded df with 907 records
2026-02-17 15:01:04,282 | INFO | Unique users: 551, Unique items: 675


2026-02-17 15:01:04,282 | INFO | Total interactions: 907


2026-02-17 15:01:04,282 | INFO | Total noisy interactions: 0


2026-02-17 15:01:04,282 | INFO | Computing stats on clean split data...
2026-02-17 15:01:06,022 | INFO | Saving noisy DataFrame to CSV at /Users/ornellairrera/PycharmProjects/RecProbe/src/data/output/amazon_All_Beauty/train_noisy_review_sentence_noise.csv
2026-02-17 15:01:06,204 | INFO | Loaded df with 7084 records
2026-02-17 15:01:06,206 | INFO | Unique users: 1256, Unique items: 1468


2026-02-17 15:01:06,206 | INFO | Total interactions: 7084


2026-02-17 15:01:06,207 | INFO | Total noisy interactions: 1641


2026-02-17 15:01:06,207 | INFO | Loaded df with 885 records
2026-02-17 15:01:06,207 | INFO | Unique users: 536, Unique items: 655


2026-02-17 15:01:06,207 | INFO | Total interactions: 885


2026-02-17 15:01:06,207 | INFO | Total noisy interactions: 208


2026-02-17 15:01:06,207 | INFO | Loaded df with 885 records
2026-02-17 15:01:06,208 | INFO | Unique users: 542, Unique items: 650


2026-02-17 15:01:06,208 | INFO | Total interactions: 885


2026-02-17 15:01:06,208 | INFO | Total noisy interactions: 198


2026-02-17 15:01:06,208 | INFO | noisy df saved.
