2026-02-17 12:35:40,633 | INFO | Loading JSONL file in chunks from /Users/ornellairrera/PycharmProjects/RecProbe/src/data/input/amazon_All_Beauty/All_Beauty.jsonl
2026-02-17 12:35:47,344 | INFO | Finished loading JSONL file from /Users/ornellairrera/PycharmProjects/RecProbe/src/data/input/amazon_All_Beauty/All_Beauty.jsonl
2026-02-17 12:35:49,031 | INFO | Extracting 3-core from the dataset
2026-02-17 12:35:49,948 | INFO | Finished extracting 3-core. Remaining records: 9079
2026-02-17 12:35:50,081 | INFO | Computing stats on clean data...
2026-02-17 12:35:50,081 | INFO | Loaded df with 9079 records
2026-02-17 12:35:50,083 | INFO | Unique users: 1266, Unique items: 1473


2026-02-17 12:35:50,089 | INFO | Total interactions: 9079


2026-02-17 12:35:50,092 | INFO | Rating stats:
count    9079.000000
mean        4.325697
std         0.949479
min         1.000000
25%         4.000000
50%         5.000000
75%         5.000000
max         5.000000
Name: rating, dtype: float64


2026-02-17 12:35:50,093 | INFO | Rating value counts:
rating
1     186
2     324
3    1007
4    2392
5    5170
Name: count, dtype: int64


2026-02-17 12:35:50,093 | INFO | Average items per user:
7.17


2026-02-17 12:35:50,093 | INFO | Average users per item:
6.16


2026-02-17 12:35:50,093 | INFO | Max items per user:
126.00


2026-02-17 12:35:50,094 | INFO | Max users per item:
45.00


2026-02-17 12:35:50,094 | INFO | Sparsity of the dataset: 
0.995131


2026-02-17 12:35:50,094 | INFO | Saving clean training DataFrame to CSV at /Users/ornellairrera/PycharmProjects/RecProbe/src/data/output/amazon_All_Beauty/train.csv
2026-02-17 12:35:50,094 | INFO | Saving clean test DataFrame to CSV at /Users/ornellairrera/PycharmProjects/RecProbe/src/data/output/amazon_All_Beauty/test.csv
2026-02-17 12:35:50,094 | INFO | Saving clean validation DataFrame to CSV at /Users/ornellairrera/PycharmProjects/RecProbe/src/data/output/amazon_All_Beauty/validation.csv
2026-02-17 12:35:50,869 | INFO | Train set with 6547 rows
2026-02-17 12:35:50,869 | INFO | Loaded df with 6547 records
2026-02-17 12:35:50,871 | INFO | Unique users: 1266, Unique items: 1422


2026-02-17 12:35:50,871 | INFO | Total interactions: 6547


2026-02-17 12:35:50,871 | INFO | Total noisy interactions: 0


2026-02-17 12:35:50,871 | INFO | Test set with 1266 rows
2026-02-17 12:35:50,871 | INFO | Loaded df with 1266 records
2026-02-17 12:35:50,871 | INFO | Unique users: 1266, Unique items: 719


2026-02-17 12:35:50,871 | INFO | Total interactions: 1266


2026-02-17 12:35:50,871 | INFO | Total noisy interactions: 0


2026-02-17 12:35:50,872 | INFO | Validation set with 1266 rows
2026-02-17 12:35:50,872 | INFO | Loaded df with 1266 records
2026-02-17 12:35:50,872 | INFO | Unique users: 1266, Unique items: 781


2026-02-17 12:35:50,872 | INFO | Total interactions: 1266


2026-02-17 12:35:50,872 | INFO | Total noisy interactions: 0


2026-02-17 12:35:50,872 | INFO | Computing stats on clean split data...
2026-02-17 12:38:03,421 | INFO | Paraphrasing...
2026-02-17 12:38:14,750 | INFO | Paraphrasing...
2026-02-17 12:38:19,239 | INFO | Paraphrasing...
2026-02-17 12:38:33,423 | INFO | Paraphrasing...
2026-02-17 12:38:37,720 | INFO | Paraphrasing...
2026-02-17 12:38:41,577 | INFO | Paraphrasing...
2026-02-17 12:39:06,109 | INFO | Saving noisy DataFrame to CSV at /Users/ornellairrera/PycharmProjects/RecProbe/src/data/output/amazon_All_Beauty/train_noisy_review_random_inconsistencies.csv
2026-02-17 12:39:09,386 | INFO | Loaded df with 6557 records
2026-02-17 12:39:09,388 | INFO | Unique users: 1266, Unique items: 1423


2026-02-17 12:39:09,389 | INFO | Total interactions: 6557


2026-02-17 12:39:09,389 | INFO | Total noisy interactions: 5


2026-02-17 12:39:09,389 | INFO | Loaded df with 1266 records
2026-02-17 12:39:09,390 | INFO | Unique users: 1266, Unique items: 781


2026-02-17 12:39:09,390 | INFO | Total interactions: 1266


2026-02-17 12:39:09,391 | INFO | Total noisy interactions: 0


2026-02-17 12:39:09,391 | INFO | Loaded df with 1266 records
2026-02-17 12:39:09,391 | INFO | Unique users: 1266, Unique items: 717


2026-02-17 12:39:09,391 | INFO | Total interactions: 1266


2026-02-17 12:39:09,392 | INFO | Total noisy interactions: 5


2026-02-17 12:39:09,393 | INFO | noisy df saved.
