2026-02-16 14:33:55,330 | INFO | Loading JSONL file in chunks from /Users/ornellairrera/PycharmProjects/RecProbe/src/data/input/amazon_All_Beauty/All_Beauty.jsonl
2026-02-16 14:34:02,874 | INFO | Finished loading JSONL file from /Users/ornellairrera/PycharmProjects/RecProbe/src/data/input/amazon_All_Beauty/All_Beauty.jsonl
2026-02-16 14:34:04,503 | INFO | Extracting 3-core from the dataset
2026-02-16 14:34:05,322 | INFO | Finished extracting 3-core. Remaining records: 9079
2026-02-16 14:34:05,453 | INFO | Computing stats on clean data...
2026-02-16 14:34:05,453 | INFO | Loaded df with 9079 records
2026-02-16 14:34:05,455 | INFO | Unique users: 1266, Unique items: 1473


2026-02-16 14:34:05,461 | INFO | Total interactions: 9079


2026-02-16 14:34:05,465 | INFO | Rating stats:
count    9079.000000
mean        4.325697
std         0.949479
min         1.000000
25%         4.000000
50%         5.000000
75%         5.000000
max         5.000000
Name: rating, dtype: float64


2026-02-16 14:34:05,466 | INFO | Rating value counts:
rating
1     186
2     324
3    1007
4    2392
5    5170
Name: count, dtype: int64


2026-02-16 14:34:05,466 | INFO | Average items per user:
7.17


2026-02-16 14:34:05,466 | INFO | Average users per item:
6.16


2026-02-16 14:34:05,466 | INFO | Max items per user:
126.00


2026-02-16 14:34:05,466 | INFO | Max users per item:
45.00


2026-02-16 14:34:05,466 | INFO | Sparsity of the dataset: 
0.995131


2026-02-16 14:34:05,466 | INFO | Saving clean training DataFrame to CSV at /Users/ornellairrera/PycharmProjects/RecProbe/src/data/output/amazon_All_Beauty/train.csv
2026-02-16 14:34:05,466 | INFO | Saving clean test DataFrame to CSV at /Users/ornellairrera/PycharmProjects/RecProbe/src/data/output/amazon_All_Beauty/test.csv
2026-02-16 14:34:05,466 | INFO | Saving clean validation DataFrame to CSV at /Users/ornellairrera/PycharmProjects/RecProbe/src/data/output/amazon_All_Beauty/validation.csv
