2026-02-17 14:55:27,999 | INFO | Loading JSONL file in chunks from /Users/ornellairrera/PycharmProjects/RecProbe/src/data/input/amazon_All_Beauty/All_Beauty.jsonl
2026-02-17 14:55:34,542 | INFO | Finished loading JSONL file from /Users/ornellairrera/PycharmProjects/RecProbe/src/data/input/amazon_All_Beauty/All_Beauty.jsonl
2026-02-17 14:55:36,269 | INFO | Extracting 3-core from the dataset
2026-02-17 14:55:37,114 | INFO | Finished extracting 3-core. Remaining records: 9079
2026-02-17 14:55:37,241 | INFO | Computing stats on clean data...
2026-02-17 14:55:37,242 | INFO | Loaded df with 9079 records
2026-02-17 14:55:37,243 | INFO | Unique users: 1266, Unique items: 1473


2026-02-17 14:55:37,247 | INFO | Total interactions: 9079


2026-02-17 14:55:37,249 | INFO | Rating stats:
count    9079.000000
mean        4.325697
std         0.949479
min         1.000000
25%         4.000000
50%         5.000000
75%         5.000000
max         5.000000
Name: rating, dtype: float64


2026-02-17 14:55:37,249 | INFO | Rating value counts:
rating
1     186
2     324
3    1007
4    2392
5    5170
Name: count, dtype: int64


2026-02-17 14:55:37,249 | INFO | Average items per user:
7.17


2026-02-17 14:55:37,249 | INFO | Average users per item:
6.16


2026-02-17 14:55:37,249 | INFO | Max items per user:
126.00


2026-02-17 14:55:37,249 | INFO | Max users per item:
45.00


2026-02-17 14:55:37,249 | INFO | Sparsity of the dataset: 
0.995131


2026-02-17 14:55:37,249 | INFO | Saving clean training DataFrame to CSV at /Users/ornellairrera/PycharmProjects/RecProbe/src/data/output/amazon_All_Beauty/train.csv
2026-02-17 14:55:37,249 | INFO | Saving clean test DataFrame to CSV at /Users/ornellairrera/PycharmProjects/RecProbe/src/data/output/amazon_All_Beauty/test.csv
2026-02-17 14:55:37,249 | INFO | Saving clean validation DataFrame to CSV at /Users/ornellairrera/PycharmProjects/RecProbe/src/data/output/amazon_All_Beauty/validation.csv
2026-02-17 14:55:37,253 | INFO | Train set with 7263 rows
2026-02-17 14:55:37,253 | INFO | Loaded df with 7263 records
2026-02-17 14:55:37,254 | INFO | Unique users: 1260, Unique items: 1470


2026-02-17 14:55:37,254 | INFO | Total interactions: 7263


2026-02-17 14:55:37,254 | INFO | Total noisy interactions: 0


2026-02-17 14:55:37,254 | INFO | Test set with 907 rows
2026-02-17 14:55:37,254 | INFO | Loaded df with 907 records
2026-02-17 14:55:37,255 | INFO | Unique users: 555, Unique items: 681


2026-02-17 14:55:37,255 | INFO | Total interactions: 907


2026-02-17 14:55:37,255 | INFO | Total noisy interactions: 0


2026-02-17 14:55:37,255 | INFO | Validation set with 907 rows
2026-02-17 14:55:37,255 | INFO | Loaded df with 907 records
2026-02-17 14:55:37,255 | INFO | Unique users: 551, Unique items: 675


2026-02-17 14:55:37,255 | INFO | Total interactions: 907


2026-02-17 14:55:37,255 | INFO | Total noisy interactions: 0


2026-02-17 14:55:37,255 | INFO | Computing stats on clean split data...
2026-02-17 14:55:38,919 | INFO | Saving noisy DataFrame to CSV at /Users/ornellairrera/PycharmProjects/RecProbe/src/data/output/amazon_All_Beauty/train_noisy_review_sentence_noise.csv
2026-02-17 14:55:38,962 | INFO | Loaded df with 7089 records
2026-02-17 14:55:38,964 | INFO | Unique users: 1252, Unique items: 1467


2026-02-17 14:55:38,964 | INFO | Total interactions: 7089


2026-02-17 14:55:38,964 | INFO | Total noisy interactions: 1532


2026-02-17 14:55:38,964 | INFO | Loaded df with 907 records
2026-02-17 14:55:38,964 | INFO | Unique users: 551, Unique items: 675


2026-02-17 14:55:38,964 | INFO | Total interactions: 907


2026-02-17 14:55:38,964 | INFO | Total noisy interactions: 0


2026-02-17 14:55:38,964 | INFO | Loaded df with 907 records
2026-02-17 14:55:38,965 | INFO | Unique users: 555, Unique items: 681


2026-02-17 14:55:38,965 | INFO | Total interactions: 907


2026-02-17 14:55:38,965 | INFO | Total noisy interactions: 0


2026-02-17 14:55:39,093 | INFO | noisy df saved.
