2026-02-17 08:50:25,057 | INFO | Loading JSONL file in chunks from /Users/ornellairrera/PycharmProjects/RecProbe/src/data/input/amazon_All_Beauty/All_Beauty.jsonl
2026-02-17 08:50:35,779 | INFO | Finished loading JSONL file from /Users/ornellairrera/PycharmProjects/RecProbe/src/data/input/amazon_All_Beauty/All_Beauty.jsonl
2026-02-17 08:50:38,520 | INFO | Extracting 3-core from the dataset
2026-02-17 08:50:40,027 | INFO | Finished extracting 3-core. Remaining records: 9079
2026-02-17 08:50:40,263 | INFO | Computing stats on clean data...
2026-02-17 08:50:40,264 | INFO | Loaded df with 9079 records
2026-02-17 08:50:40,270 | INFO | Unique users: 1266, Unique items: 1473


2026-02-17 08:50:40,290 | INFO | Total interactions: 9079


2026-02-17 08:50:40,299 | INFO | Rating stats:
count    9079.000000
mean        4.325697
std         0.949479
min         1.000000
25%         4.000000
50%         5.000000
75%         5.000000
max         5.000000
Name: rating, dtype: float64


2026-02-17 08:50:40,301 | INFO | Rating value counts:
rating
1     186
2     324
3    1007
4    2392
5    5170
Name: count, dtype: int64


2026-02-17 08:50:40,301 | INFO | Average items per user:
7.17


2026-02-17 08:50:40,301 | INFO | Average users per item:
6.16


2026-02-17 08:50:40,301 | INFO | Max items per user:
126.00


2026-02-17 08:50:40,302 | INFO | Max users per item:
45.00


2026-02-17 08:50:40,302 | INFO | Sparsity of the dataset: 
0.995131


2026-02-17 08:50:40,302 | INFO | Saving clean training DataFrame to CSV at /Users/ornellairrera/PycharmProjects/RecProbe/src/data/output/amazon_All_Beauty/train.csv
2026-02-17 08:50:40,303 | INFO | Saving clean test DataFrame to CSV at /Users/ornellairrera/PycharmProjects/RecProbe/src/data/output/amazon_All_Beauty/test.csv
2026-02-17 08:50:40,303 | INFO | Saving clean validation DataFrame to CSV at /Users/ornellairrera/PycharmProjects/RecProbe/src/data/output/amazon_All_Beauty/validation.csv
2026-02-17 08:50:42,605 | INFO | Train set with 6547 rows
2026-02-17 08:50:42,606 | INFO | Loaded df with 6547 records
2026-02-17 08:50:42,608 | INFO | Unique users: 1266, Unique items: 1422


2026-02-17 08:50:42,608 | INFO | Total interactions: 6547


2026-02-17 08:50:42,608 | INFO | Total noisy interactions: 0


2026-02-17 08:50:42,608 | INFO | Test set with 1266 rows
2026-02-17 08:50:42,608 | INFO | Loaded df with 1266 records
2026-02-17 08:50:42,609 | INFO | Unique users: 1266, Unique items: 719


2026-02-17 08:50:42,610 | INFO | Total interactions: 1266


2026-02-17 08:50:42,610 | INFO | Total noisy interactions: 0


2026-02-17 08:50:42,610 | INFO | Validation set with 1266 rows
2026-02-17 08:50:42,610 | INFO | Loaded df with 1266 records
2026-02-17 08:50:42,611 | INFO | Unique users: 1266, Unique items: 781


2026-02-17 08:50:42,611 | INFO | Total interactions: 1266


2026-02-17 08:50:42,611 | INFO | Total noisy interactions: 0


2026-02-17 08:50:42,611 | INFO | Computing stats on clean split data...
2026-02-17 08:50:47,179 | INFO | Saving noisy DataFrame to CSV at /Users/ornellairrera/PycharmProjects/RecProbe/src/data/output/amazon_All_Beauty/train_noisy_rating_random_inconsistencies.csv
2026-02-17 08:50:51,782 | INFO | Loaded df with 5568 records
2026-02-17 08:50:51,785 | INFO | Unique users: 1154, Unique items: 1413


2026-02-17 08:50:51,785 | INFO | Total interactions: 5568


2026-02-17 08:50:51,785 | INFO | Total noisy interactions: 0


2026-02-17 08:50:51,785 | INFO | Loaded df with 1154 records
2026-02-17 08:50:51,785 | INFO | Unique users: 1154, Unique items: 767


2026-02-17 08:50:51,785 | INFO | Total interactions: 1154


2026-02-17 08:50:51,786 | INFO | Total noisy interactions: 0


2026-02-17 08:50:51,786 | INFO | Loaded df with 1154 records
2026-02-17 08:50:51,786 | INFO | Unique users: 1154, Unique items: 693


2026-02-17 08:50:51,786 | INFO | Total interactions: 1154


2026-02-17 08:50:51,786 | INFO | Total noisy interactions: 0


2026-02-17 08:50:51,786 | INFO | noisy df saved.
