2026-02-17 08:28:33,412 | INFO | Loading JSONL file in chunks from /Users/ornellairrera/PycharmProjects/RecProbe/src/data/input/amazon_All_Beauty/All_Beauty.jsonl
2026-02-17 08:28:40,700 | INFO | Finished loading JSONL file from /Users/ornellairrera/PycharmProjects/RecProbe/src/data/input/amazon_All_Beauty/All_Beauty.jsonl
2026-02-17 08:28:42,492 | INFO | Extracting 3-core from the dataset
2026-02-17 08:28:43,233 | INFO | Finished extracting 3-core. Remaining records: 9079
2026-02-17 08:28:43,364 | INFO | Computing stats on clean data...
2026-02-17 08:28:43,364 | INFO | Loaded df with 9079 records
2026-02-17 08:28:43,365 | INFO | Unique users: 1266, Unique items: 1473


2026-02-17 08:28:43,371 | INFO | Total interactions: 9079


2026-02-17 08:28:43,375 | INFO | Rating stats:
count    9079.000000
mean        4.325697
std         0.949479
min         1.000000
25%         4.000000
50%         5.000000
75%         5.000000
max         5.000000
Name: rating, dtype: float64


2026-02-17 08:28:43,376 | INFO | Rating value counts:
rating
1     186
2     324
3    1007
4    2392
5    5170
Name: count, dtype: int64


2026-02-17 08:28:43,376 | INFO | Average items per user:
7.17


2026-02-17 08:28:43,376 | INFO | Average users per item:
6.16


2026-02-17 08:28:43,376 | INFO | Max items per user:
126.00


2026-02-17 08:28:43,376 | INFO | Max users per item:
45.00


2026-02-17 08:28:43,376 | INFO | Sparsity of the dataset: 
0.995131


2026-02-17 08:28:43,376 | INFO | Saving clean training DataFrame to CSV at /Users/ornellairrera/PycharmProjects/RecProbe/src/data/output/amazon_All_Beauty/train.csv
2026-02-17 08:28:43,376 | INFO | Saving clean test DataFrame to CSV at /Users/ornellairrera/PycharmProjects/RecProbe/src/data/output/amazon_All_Beauty/test.csv
2026-02-17 08:28:43,376 | INFO | Saving clean validation DataFrame to CSV at /Users/ornellairrera/PycharmProjects/RecProbe/src/data/output/amazon_All_Beauty/validation.csv
2026-02-17 08:28:44,146 | INFO | Train set with 6547 rows
2026-02-17 08:28:44,146 | INFO | Loaded df with 6547 records
2026-02-17 08:28:44,148 | INFO | Unique users: 1266, Unique items: 1422


2026-02-17 08:28:44,148 | INFO | Total interactions: 6547


2026-02-17 08:28:44,148 | INFO | Total noisy interactions: 0


2026-02-17 08:28:44,148 | INFO | Test set with 1266 rows
2026-02-17 08:28:44,148 | INFO | Loaded df with 1266 records
2026-02-17 08:28:44,149 | INFO | Unique users: 1266, Unique items: 719


2026-02-17 08:28:44,149 | INFO | Total interactions: 1266


2026-02-17 08:28:44,149 | INFO | Total noisy interactions: 0


2026-02-17 08:28:44,149 | INFO | Validation set with 1266 rows
2026-02-17 08:28:44,149 | INFO | Loaded df with 1266 records
2026-02-17 08:28:44,149 | INFO | Unique users: 1266, Unique items: 781


2026-02-17 08:28:44,149 | INFO | Total interactions: 1266


2026-02-17 08:28:44,149 | INFO | Total noisy interactions: 0


2026-02-17 08:28:44,150 | INFO | Computing stats on clean split data...
2026-02-17 08:31:51,680 | INFO | Saving noisy DataFrame to CSV at /Users/ornellairrera/PycharmProjects/RecProbe/src/data/output/amazon_All_Beauty/train_noisy_rating_rating_burst.csv
2026-02-17 08:32:19,233 | INFO | Loaded df with 7547 records
2026-02-17 08:32:19,235 | INFO | Unique users: 1266, Unique items: 1434


2026-02-17 08:32:19,236 | INFO | Total interactions: 7547


2026-02-17 08:32:19,237 | INFO | Total noisy interactions: 775


2026-02-17 08:32:19,237 | INFO | Loaded df with 1266 records
2026-02-17 08:32:19,238 | INFO | Unique users: 1266, Unique items: 759


2026-02-17 08:32:19,238 | INFO | Total interactions: 1266


2026-02-17 08:32:19,238 | INFO | Total noisy interactions: 22


2026-02-17 08:32:19,238 | INFO | Loaded df with 1266 records
2026-02-17 08:32:19,239 | INFO | Unique users: 1266, Unique items: 645


2026-02-17 08:32:19,239 | INFO | Total interactions: 1266


2026-02-17 08:32:19,239 | INFO | Total noisy interactions: 203


2026-02-17 08:32:19,240 | INFO | noisy df saved.
