2026-02-17 07:52:28,812 | INFO | Loading JSONL file in chunks from /Users/ornellairrera/PycharmProjects/RecProbe/src/data/input/amazon_All_Beauty/All_Beauty.jsonl
2026-02-17 07:52:35,634 | INFO | Finished loading JSONL file from /Users/ornellairrera/PycharmProjects/RecProbe/src/data/input/amazon_All_Beauty/All_Beauty.jsonl
2026-02-17 07:52:37,584 | INFO | Extracting 3-core from the dataset
2026-02-17 07:52:38,752 | INFO | Finished extracting 3-core. Remaining records: 9079
2026-02-17 07:52:38,900 | INFO | Computing stats on clean data...
2026-02-17 07:52:38,900 | INFO | Loaded df with 9079 records
2026-02-17 07:52:38,903 | INFO | Unique users: 1266, Unique items: 1473


2026-02-17 07:52:38,911 | INFO | Total interactions: 9079


2026-02-17 07:52:38,913 | INFO | Rating stats:
count    9079.000000
mean        4.325697
std         0.949479
min         1.000000
25%         4.000000
50%         5.000000
75%         5.000000
max         5.000000
Name: rating, dtype: float64


2026-02-17 07:52:38,913 | INFO | Rating value counts:
rating
1     186
2     324
3    1007
4    2392
5    5170
Name: count, dtype: int64


2026-02-17 07:52:38,913 | INFO | Average items per user:
7.17


2026-02-17 07:52:38,913 | INFO | Average users per item:
6.16


2026-02-17 07:52:38,914 | INFO | Max items per user:
126.00


2026-02-17 07:52:38,914 | INFO | Max users per item:
45.00


2026-02-17 07:52:38,914 | INFO | Sparsity of the dataset: 
0.995131


2026-02-17 07:52:38,914 | INFO | Saving clean training DataFrame to CSV at /Users/ornellairrera/PycharmProjects/RecProbe/src/data/output/amazon_All_Beauty/train.csv
2026-02-17 07:52:38,914 | INFO | Saving clean test DataFrame to CSV at /Users/ornellairrera/PycharmProjects/RecProbe/src/data/output/amazon_All_Beauty/test.csv
2026-02-17 07:52:38,914 | INFO | Saving clean validation DataFrame to CSV at /Users/ornellairrera/PycharmProjects/RecProbe/src/data/output/amazon_All_Beauty/validation.csv
2026-02-17 07:52:39,461 | INFO | Train set with 6547 rows
2026-02-17 07:52:39,461 | INFO | Loaded df with 6547 records
2026-02-17 07:52:39,464 | INFO | Unique users: 1266, Unique items: 1422


2026-02-17 07:52:39,464 | INFO | Total interactions: 6547


2026-02-17 07:52:39,464 | INFO | Total noisy interactions: 0


2026-02-17 07:52:39,464 | INFO | Test set with 1266 rows
2026-02-17 07:52:39,464 | INFO | Loaded df with 1266 records
2026-02-17 07:52:39,465 | INFO | Unique users: 1266, Unique items: 719


2026-02-17 07:52:39,465 | INFO | Total interactions: 1266


2026-02-17 07:52:39,465 | INFO | Total noisy interactions: 0


2026-02-17 07:52:39,465 | INFO | Validation set with 1266 rows
2026-02-17 07:52:39,465 | INFO | Loaded df with 1266 records
2026-02-17 07:52:39,466 | INFO | Unique users: 1266, Unique items: 781


2026-02-17 07:52:39,466 | INFO | Total interactions: 1266


2026-02-17 07:52:39,466 | INFO | Total noisy interactions: 0


2026-02-17 07:52:39,466 | INFO | Computing stats on clean split data...
2026-02-17 07:52:39,911 | INFO | Saving noisy DataFrame to CSV at /Users/ornellairrera/PycharmProjects/RecProbe/src/data/output/amazon_All_Beauty/train_noisy_rating_timestamp_corruption.csv
2026-02-17 07:52:39,948 | INFO | Loaded df with 6547 records
2026-02-17 07:52:39,950 | INFO | Unique users: 1266, Unique items: 1422


2026-02-17 07:52:39,950 | INFO | Total interactions: 6547


2026-02-17 07:52:39,950 | INFO | Total noisy interactions: 1000


2026-02-17 07:52:39,950 | INFO | Loaded df with 1266 records
2026-02-17 07:52:39,951 | INFO | Unique users: 1266, Unique items: 781


2026-02-17 07:52:39,951 | INFO | Total interactions: 1266


2026-02-17 07:52:39,951 | INFO | Total noisy interactions: 0


2026-02-17 07:52:39,951 | INFO | Loaded df with 1266 records
2026-02-17 07:52:39,951 | INFO | Unique users: 1266, Unique items: 719


2026-02-17 07:52:39,951 | INFO | Total interactions: 1266


2026-02-17 07:52:39,951 | INFO | Total noisy interactions: 0


2026-02-17 07:52:39,978 | INFO | noisy df saved.
