2026-01-15 21:38:32,903 | INFO | Loading JSONL file in chunks from /Users/ornellairrera/PycharmProjects/DefectRecSys/NoiseInjector/data/input/amazon_All_Beauty/All_Beauty.jsonl
2026-01-15 21:38:41,836 | INFO | Extracting 5-core from the dataset
2026-01-15 21:38:42,520 | INFO | Finished extracting 5-core. Remaining records: 3315
2026-01-15 21:38:42,520 | INFO | Loaded df with 3315 records
2026-01-15 21:38:42,521 | INFO | Unique users: 357, Unique items: 479
2026-01-15 21:38:42,525 | INFO | Rating stats:
count    3315.000000
mean        4.234087
std         1.092901
min         1.000000
25%         4.000000
50%         5.000000
75%         5.000000
max         5.000000
Name: rating, dtype: float64
2026-01-15 21:38:42,526 | INFO | Rating value counts:
rating
1     151
2     141
3     353
4     806
5    1864
Name: count, dtype: int64
2026-01-15 21:38:42,526 | INFO | Average items per user:
9.29
2026-01-15 21:38:42,526 | INFO | Average users per item:
6.92
2026-01-15 21:38:42,526 | INFO | Sparsity of the dataset: 
0.980614
2026-01-15 21:38:42,626 | INFO | Finished loading JSONL file from /Users/ornellairrera/PycharmProjects/DefectRecSys/NoiseInjector/data/input/amazon_All_Beauty/All_Beauty.jsonl
2026-01-15 21:42:11,796 | INFO | Loaded df with 3315 records
2026-01-15 21:42:11,799 | INFO | Unique users: 357, Unique items: 479
2026-01-15 21:42:11,804 | INFO | Rating stats:
count   3315
mean       4
std        1
min        1
25%        4
50%        5
75%        5
max        5
Name: rating, dtype: float64
2026-01-15 21:42:11,805 | INFO | Rating value counts:
rating
1     151
2     141
3     353
4     806
5    1864
Name: count, dtype: int64
2026-01-15 21:42:11,805 | INFO | Average items per user:
9.29
2026-01-15 21:42:11,805 | INFO | Average users per item:
6.92
2026-01-15 21:42:11,806 | INFO | Sparsity of the dataset: 
0.980614
2026-01-15 21:42:11,806 | INFO | Saving noisy DataFrame to CSV at /Users/ornellairrera/PycharmProjects/DefectRecSys/NoiseInjector/data/output/amazon_All_Beauty/All_Beauty.csv
2026-01-15 21:42:13,765 | INFO | Train set with 2652 rows
2026-01-15 21:42:13,766 | INFO | Test set with 663 rows
2026-01-15 21:42:13,786 | INFO | noisy df saved.
