2026-01-15 16:22:16,776 | INFO | Loading JSONL file in chunks from ../data/input/amazon_All_Beauty/All_Beauty.jsonl
2026-01-15 16:22:49,074 | INFO | Loaded df with 701528 records
2026-01-15 16:22:49,409 | INFO | Unique users: 631986, Unique items: 112565
2026-01-15 16:22:49,817 | INFO | Rating stats:
count    701528.000000
mean          3.960245
std           1.494452
min           1.000000
25%           3.000000
50%           5.000000
75%           5.000000
max           5.000000
Name: rating, dtype: float64
2026-01-15 16:22:49,821 | INFO | Rating value counts:
rating
1    102080
2     43034
3     56307
4     79381
5    420726
Name: count, dtype: int64
2026-01-15 16:22:49,821 | INFO | Average items per user:
1.11
2026-01-15 16:22:49,821 | INFO | Average users per item:
6.23
2026-01-15 16:22:49,822 | INFO | Sparsity of the dataset: 
0.999990
2026-01-15 16:22:51,808 | INFO | Extracting 5-core from the dataset
2026-01-15 16:22:52,644 | INFO | Finished extracting 5-core. Remaining records: 3315
