2026-01-15 19:02:14,507 | INFO | Loading JSONL file in chunks from /Users/ornellairrera/PycharmProjects/DefectRecSys/NoiseInjector/data/input/amazon_All_Beauty/All_Beauty.jsonl
2026-01-15 19:02:24,152 | INFO | Extracting 5-core from the dataset
2026-01-15 19:02:25,038 | INFO | Finished extracting 5-core. Remaining records: 3315
2026-01-15 19:02:25,039 | INFO | Loaded df with 3315 records
2026-01-15 19:02:25,039 | INFO | Unique users: 357, Unique items: 479
2026-01-15 19:02:25,043 | INFO | Rating stats:
count    3315.000000
mean        4.234087
std         1.092901
min         1.000000
25%         4.000000
50%         5.000000
75%         5.000000
max         5.000000
Name: rating, dtype: float64
2026-01-15 19:02:25,044 | INFO | Rating value counts:
rating
1     151
2     141
3     353
4     806
5    1864
Name: count, dtype: int64
2026-01-15 19:02:25,044 | INFO | Average items per user:
9.29
2026-01-15 19:02:25,044 | INFO | Average users per item:
6.92
2026-01-15 19:02:25,044 | INFO | Sparsity of the dataset: 
0.980614
2026-01-15 19:02:25,156 | INFO | Finished loading JSONL file from /Users/ornellairrera/PycharmProjects/DefectRecSys/NoiseInjector/data/input/amazon_All_Beauty/All_Beauty.jsonl
2026-01-15 19:02:32,658 | INFO | Loaded df with 3365 records
2026-01-15 19:02:32,660 | INFO | Unique users: 357, Unique items: 479
2026-01-15 19:02:32,663 | INFO | Rating stats:
count    3365.000000
mean        4.230312
std         1.096490
min         1.000000
25%         4.000000
50%         5.000000
75%         5.000000
max         5.000000
Name: rating, dtype: float64
2026-01-15 19:02:32,664 | INFO | Rating value counts:
rating
1     156
2     144
3     356
4     822
5    1887
Name: count, dtype: int64
2026-01-15 19:02:32,664 | INFO | Average items per user:
9.43
2026-01-15 19:02:32,664 | INFO | Average users per item:
7.03
2026-01-15 19:02:32,664 | INFO | Sparsity of the dataset: 
0.980322
2026-01-15 19:02:32,664 | INFO | Saving noisy DataFrame to CSV at /Users/ornellairrera/PycharmProjects/DefectRecSys/NoiseInjector/data/output/amazon_All_Beauty/All_Beauty.csv
