2026-01-15 21:14:34,281 | INFO | Loading JSONL file in chunks from /Users/ornellairrera/PycharmProjects/DefectRecSys/NoiseInjector/data/input/amazon_All_Beauty/All_Beauty.jsonl
2026-01-15 21:14:43,799 | INFO | Extracting 5-core from the dataset
2026-01-15 21:14:44,535 | INFO | Finished extracting 5-core. Remaining records: 3315
2026-01-15 21:14:44,535 | INFO | Loaded df with 3315 records
2026-01-15 21:14:44,535 | INFO | Unique users: 357, Unique items: 479
2026-01-15 21:14:44,539 | INFO | Rating stats:
count    3315.000000
mean        4.234087
std         1.092901
min         1.000000
25%         4.000000
50%         5.000000
75%         5.000000
max         5.000000
Name: rating, dtype: float64
2026-01-15 21:14:44,540 | INFO | Rating value counts:
rating
1     151
2     141
3     353
4     806
5    1864
Name: count, dtype: int64
2026-01-15 21:14:44,540 | INFO | Average items per user:
9.29
2026-01-15 21:14:44,540 | INFO | Average users per item:
6.92
2026-01-15 21:14:44,540 | INFO | Sparsity of the dataset: 
0.980614
2026-01-15 21:14:44,645 | INFO | Finished loading JSONL file from /Users/ornellairrera/PycharmProjects/DefectRecSys/NoiseInjector/data/input/amazon_All_Beauty/All_Beauty.jsonl
2026-01-15 21:26:00,099 | INFO | Loaded df with 3365 records
2026-01-15 21:26:00,101 | INFO | Unique users: 357, Unique items: 479
2026-01-15 21:26:00,105 | INFO | Rating stats:
count    3365.000000
mean        4.237741
std         1.087411
min         1.000000
25%         4.000000
50%         5.000000
75%         5.000000
max         5.000000
Name: rating, dtype: float64
2026-01-15 21:26:00,106 | INFO | Rating value counts:
rating
1     151
2     141
3     355
4     828
5    1890
Name: count, dtype: int64
2026-01-15 21:26:00,107 | INFO | Average items per user:
9.43
2026-01-15 21:26:00,107 | INFO | Average users per item:
7.03
2026-01-15 21:26:00,107 | INFO | Sparsity of the dataset: 
0.980322
2026-01-15 21:26:00,107 | INFO | Saving noisy DataFrame to CSV at /Users/ornellairrera/PycharmProjects/DefectRecSys/NoiseInjector/data/output/amazon_All_Beauty/All_Beauty.csv
2026-01-15 21:26:19,261 | INFO | Train set with 2692 rows
2026-01-15 21:26:19,261 | INFO | Test set with 673 rows
2026-01-15 21:26:19,273 | INFO | noisy df saved.
