2026-01-15 21:32:04,344 | INFO | Loading JSONL file in chunks from /Users/ornellairrera/PycharmProjects/DefectRecSys/NoiseInjector/data/input/amazon_All_Beauty/All_Beauty.jsonl
2026-01-15 21:32:13,478 | INFO | Extracting 5-core from the dataset
2026-01-15 21:32:14,128 | INFO | Finished extracting 5-core. Remaining records: 3315
2026-01-15 21:32:14,128 | INFO | Loaded df with 3315 records
2026-01-15 21:32:14,129 | INFO | Unique users: 357, Unique items: 479
2026-01-15 21:32:14,132 | INFO | Rating stats:
count    3315.000000
mean        4.234087
std         1.092901
min         1.000000
25%         4.000000
50%         5.000000
75%         5.000000
max         5.000000
Name: rating, dtype: float64
2026-01-15 21:32:14,133 | INFO | Rating value counts:
rating
1     151
2     141
3     353
4     806
5    1864
Name: count, dtype: int64
2026-01-15 21:32:14,133 | INFO | Average items per user:
9.29
2026-01-15 21:32:14,134 | INFO | Average users per item:
6.92
2026-01-15 21:32:14,134 | INFO | Sparsity of the dataset: 
0.980614
2026-01-15 21:32:14,247 | INFO | Finished loading JSONL file from /Users/ornellairrera/PycharmProjects/DefectRecSys/NoiseInjector/data/input/amazon_All_Beauty/All_Beauty.jsonl
