2026-01-15 19:03:01,294 | INFO | Loading JSONL file in chunks from /Users/ornellairrera/PycharmProjects/DefectRecSys/NoiseInjector/data/input/amazon_All_Beauty/All_Beauty.jsonl
2026-01-15 19:03:10,891 | INFO | Extracting 5-core from the dataset
2026-01-15 19:03:11,582 | INFO | Finished extracting 5-core. Remaining records: 3315
2026-01-15 19:03:11,582 | INFO | Loaded df with 3315 records
2026-01-15 19:03:11,583 | INFO | Unique users: 357, Unique items: 479
2026-01-15 19:03:11,586 | INFO | Rating stats:
count    3315.000000
mean        4.234087
std         1.092901
min         1.000000
25%         4.000000
50%         5.000000
75%         5.000000
max         5.000000
Name: rating, dtype: float64
2026-01-15 19:03:11,587 | INFO | Rating value counts:
rating
1     151
2     141
3     353
4     806
5    1864
Name: count, dtype: int64
2026-01-15 19:03:11,587 | INFO | Average items per user:
9.29
2026-01-15 19:03:11,587 | INFO | Average users per item:
6.92
2026-01-15 19:03:11,587 | INFO | Sparsity of the dataset: 
0.980614
2026-01-15 19:03:11,692 | INFO | Finished loading JSONL file from /Users/ornellairrera/PycharmProjects/DefectRecSys/NoiseInjector/data/input/amazon_All_Beauty/All_Beauty.jsonl
2026-01-15 19:03:15,625 | INFO | Loaded df with 3365 records
2026-01-15 19:03:15,626 | INFO | Unique users: 357, Unique items: 479
2026-01-15 19:03:15,631 | INFO | Rating stats:
count    3365.000000
mean        4.230312
std         1.096490
min         1.000000
25%         4.000000
50%         5.000000
75%         5.000000
max         5.000000
Name: rating, dtype: float64
2026-01-15 19:03:15,632 | INFO | Rating value counts:
rating
1     156
2     144
3     356
4     822
5    1887
Name: count, dtype: int64
2026-01-15 19:03:15,632 | INFO | Average items per user:
9.43
2026-01-15 19:03:15,632 | INFO | Average users per item:
7.03
2026-01-15 19:03:15,632 | INFO | Sparsity of the dataset: 
0.980322
2026-01-15 19:03:15,632 | INFO | Saving noisy DataFrame to CSV at /Users/ornellairrera/PycharmProjects/DefectRecSys/NoiseInjector/data/output/amazon_All_Beauty/All_Beauty.csv
2026-01-15 19:05:06,335 | INFO | noisy df saved.
