2026-01-15 20:42:51,490 | INFO | Loading JSONL file in chunks from /Users/ornellairrera/PycharmProjects/DefectRecSys/NoiseInjector/data/input/amazon_All_Beauty/All_Beauty.jsonl
2026-01-15 20:42:58,830 | INFO | Extracting 5-core from the dataset
2026-01-15 20:42:59,526 | INFO | Finished extracting 5-core. Remaining records: 3315
2026-01-15 20:42:59,526 | INFO | Loaded df with 3315 records
2026-01-15 20:42:59,527 | INFO | Unique users: 357, Unique items: 479
2026-01-15 20:42:59,530 | INFO | Rating stats:
count    3315.000000
mean        4.234087
std         1.092901
min         1.000000
25%         4.000000
50%         5.000000
75%         5.000000
max         5.000000
Name: rating, dtype: float64
2026-01-15 20:42:59,530 | INFO | Rating value counts:
rating
1     151
2     141
3     353
4     806
5    1864
Name: count, dtype: int64
2026-01-15 20:42:59,530 | INFO | Average items per user:
9.29
2026-01-15 20:42:59,530 | INFO | Average users per item:
6.92
2026-01-15 20:42:59,530 | INFO | Sparsity of the dataset: 
0.980614
2026-01-15 20:42:59,633 | INFO | Finished loading JSONL file from /Users/ornellairrera/PycharmProjects/DefectRecSys/NoiseInjector/data/input/amazon_All_Beauty/All_Beauty.jsonl
2026-01-15 20:42:59,654 | INFO | Loaded df with 3365 records
2026-01-15 20:42:59,655 | INFO | Unique users: 357, Unique items: 479
2026-01-15 20:42:59,656 | INFO | Rating stats:
count    3365.000000
mean        4.232095
std         1.095029
min         1.000000
25%         4.000000
50%         5.000000
75%         5.000000
max         5.000000
Name: rating, dtype: float64
2026-01-15 20:42:59,656 | INFO | Rating value counts:
rating
1     155
2     143
3     358
4     819
5    1890
Name: count, dtype: int64
2026-01-15 20:42:59,656 | INFO | Average items per user:
9.43
2026-01-15 20:42:59,656 | INFO | Average users per item:
7.03
2026-01-15 20:42:59,656 | INFO | Sparsity of the dataset: 
0.980322
2026-01-15 20:42:59,656 | INFO | Saving noisy DataFrame to CSV at /Users/ornellairrera/PycharmProjects/DefectRecSys/NoiseInjector/data/output/amazon_All_Beauty/All_Beauty.csv
2026-01-15 20:42:59,659 | INFO | Train set with 2692 rows
2026-01-15 20:42:59,659 | INFO | Test set with 673 rows
2026-01-15 20:42:59,669 | INFO | noisy df saved.
